{"/home/ekibet/workspace/sunculture/sc_backend/api/app.js": {"path":"/home/ekibet/workspace/sunculture/sc_backend/api/app.js","statementMap":{"0":{"start":{"line":1,"column":18},"end":{"line":1,"column":40}},"1":{"start":{"line":2,"column":14},"end":{"line":2,"column":32}},"2":{"start":{"line":3,"column":11},"end":{"line":3,"column":26}},"3":{"start":{"line":4,"column":19},"end":{"line":4,"column":43}},"4":{"start":{"line":5,"column":13},"end":{"line":5,"column":30}},"5":{"start":{"line":6,"column":11},"end":{"line":6,"column":26}},"6":{"start":{"line":7,"column":16},"end":{"line":7,"column":42}},"7":{"start":{"line":8,"column":15},"end":{"line":8,"column":38}},"8":{"start":{"line":9,"column":16},"end":{"line":9,"column":42}},"9":{"start":{"line":10,"column":18},"end":{"line":10,"column":47}},"10":{"start":{"line":11,"column":21},"end":{"line":11,"column":45}},"11":{"start":{"line":12,"column":18},"end":{"line":12,"column":47}},"12":{"start":{"line":13,"column":24},"end":{"line":13,"column":49}},"13":{"start":{"line":14,"column":10},"end":{"line":14,"column":19}},"14":{"start":{"line":16,"column":0},"end":{"line":23,"column":3}},"15":{"start":{"line":25,"column":0},"end":{"line":25,"column":48}},"16":{"start":{"line":26,"column":0},"end":{"line":26,"column":31}},"17":{"start":{"line":28,"column":0},"end":{"line":28,"column":23}},"18":{"start":{"line":29,"column":0},"end":{"line":29,"column":24}},"19":{"start":{"line":30,"column":0},"end":{"line":30,"column":16}},"20":{"start":{"line":31,"column":0},"end":{"line":31,"column":25}},"21":{"start":{"line":33,"column":0},"end":{"line":33,"column":49}},"22":{"start":{"line":34,"column":0},"end":{"line":34,"column":24}},"23":{"start":{"line":35,"column":0},"end":{"line":35,"column":56}},"24":{"start":{"line":37,"column":0},"end":{"line":37,"column":42}},"25":{"start":{"line":38,"column":0},"end":{"line":38,"column":42}},"26":{"start":{"line":40,"column":16},"end":{"line":79,"column":1}},"27":{"start":{"line":81,"column":14},"end":{"line":81,"column":35}},"28":{"start":{"line":82,"column":0},"end":{"line":85,"column":44}},"29":{"start":{"line":87,"column":0},"end":{"line":87,"column":40}},"30":{"start":{"line":88,"column":0},"end":{"line":88,"column":46}},"31":{"start":{"line":89,"column":0},"end":{"line":89,"column":47}},"32":{"start":{"line":90,"column":0},"end":{"line":90,"column":47}},"33":{"start":{"line":91,"column":0},"end":{"line":91,"column":48}},"34":{"start":{"line":92,"column":0},"end":{"line":92,"column":44}},"35":{"start":{"line":93,"column":0},"end":{"line":93,"column":49}},"36":{"start":{"line":94,"column":0},"end":{"line":94,"column":47}},"37":{"start":{"line":96,"column":0},"end":{"line":96,"column":40}},"38":{"start":{"line":98,"column":0},"end":{"line":100,"column":3}},"39":{"start":{"line":99,"column":2},"end":{"line":99,"column":73}},"40":{"start":{"line":103,"column":0},"end":{"line":111,"column":3}},"41":{"start":{"line":105,"column":2},"end":{"line":105,"column":35}},"42":{"start":{"line":106,"column":2},"end":{"line":106,"column":69}},"43":{"start":{"line":109,"column":2},"end":{"line":109,"column":32}},"44":{"start":{"line":110,"column":2},"end":{"line":110,"column":22}},"45":{"start":{"line":113,"column":0},"end":{"line":113,"column":21}}},"fnMap":{"0":{"name":"(anonymous_0)","decl":{"start":{"line":98,"column":8},"end":{"line":98,"column":9}},"loc":{"start":{"line":98,"column":34},"end":{"line":100,"column":1}},"line":98},"1":{"name":"(anonymous_1)","decl":{"start":{"line":103,"column":8},"end":{"line":103,"column":9}},"loc":{"start":{"line":103,"column":39},"end":{"line":111,"column":1}},"line":103}},"branchMap":{"0":{"loc":{"start":{"line":16,"column":0},"end":{"line":23,"column":2}},"type":"binary-expr","locations":[{"start":{"line":16,"column":0},"end":{"line":16,"column":37}},{"start":{"line":16,"column":41},"end":{"line":23,"column":2}}],"line":16},"1":{"loc":{"start":{"line":106,"column":21},"end":{"line":106,"column":68}},"type":"cond-expr","locations":[{"start":{"line":106,"column":60},"end":{"line":106,"column":63}},{"start":{"line":106,"column":66},"end":{"line":106,"column":68}}],"line":106},"2":{"loc":{"start":{"line":109,"column":13},"end":{"line":109,"column":30}},"type":"binary-expr","locations":[{"start":{"line":109,"column":13},"end":{"line":109,"column":23}},{"start":{"line":109,"column":27},"end":{"line":109,"column":30}}],"line":109}},"s":{"0":5,"1":5,"2":5,"3":5,"4":5,"5":5,"6":5,"7":5,"8":5,"9":5,"10":5,"11":5,"12":5,"13":5,"14":5,"15":5,"16":5,"17":5,"18":5,"19":5,"20":5,"21":5,"22":5,"23":5,"24":5,"25":5,"26":5,"27":5,"28":5,"29":5,"30":5,"31":5,"32":5,"33":5,"34":5,"35":5,"36":5,"37":5,"38":5,"39":1,"40":5,"41":0,"42":0,"43":0,"44":0,"45":5},"f":{"0":1,"1":0},"b":{"0":[5,0],"1":[0,0],"2":[0,0]},"_coverageSchema":"1a1c01bbd47fc00a2c39e90264f33305004495a9","hash":"ada51914e18ef0ad65fb14cc521e0d438b82eae2"}
,"/home/ekibet/workspace/sunculture/sc_backend/api/controllers/auth.controller.js": {"path":"/home/ekibet/workspace/sunculture/sc_backend/api/controllers/auth.controller.js","statementMap":{"0":{"start":{"line":1,"column":0},"end":{"line":1,"column":26}},"1":{"start":{"line":2,"column":16},"end":{"line":2,"column":44}},"2":{"start":{"line":3,"column":16},"end":{"line":3,"column":43}},"3":{"start":{"line":4,"column":12},"end":{"line":4,"column":35}},"4":{"start":{"line":6,"column":0},"end":{"line":18,"column":1}},"5":{"start":{"line":7,"column":4},"end":{"line":17,"column":5}},"6":{"start":{"line":8,"column":8},"end":{"line":13,"column":10}},"7":{"start":{"line":9,"column":12},"end":{"line":9,"column":102}},"8":{"start":{"line":11,"column":12},"end":{"line":11,"column":48}},"9":{"start":{"line":12,"column":12},"end":{"line":12,"column":65}},"10":{"start":{"line":15,"column":8},"end":{"line":15,"column":24}},"11":{"start":{"line":16,"column":8},"end":{"line":16,"column":102}},"12":{"start":{"line":20,"column":0},"end":{"line":37,"column":1}},"13":{"start":{"line":21,"column":4},"end":{"line":36,"column":5}},"14":{"start":{"line":22,"column":8},"end":{"line":32,"column":10}},"15":{"start":{"line":24,"column":26},"end":{"line":24,"column":183}},"16":{"start":{"line":26,"column":24},"end":{"line":26,"column":117}},"17":{"start":{"line":28,"column":12},"end":{"line":28,"column":128}},"18":{"start":{"line":31,"column":12},"end":{"line":31,"column":77}},"19":{"start":{"line":34,"column":8},"end":{"line":34,"column":24}},"20":{"start":{"line":35,"column":8},"end":{"line":35,"column":102}}},"fnMap":{"0":{"name":"(anonymous_0)","decl":{"start":{"line":6,"column":16},"end":{"line":6,"column":17}},"loc":{"start":{"line":6,"column":36},"end":{"line":18,"column":1}},"line":6},"1":{"name":"(anonymous_1)","decl":{"start":{"line":8,"column":48},"end":{"line":8,"column":49}},"loc":{"start":{"line":8,"column":65},"end":{"line":10,"column":9}},"line":8},"2":{"name":"(anonymous_2)","decl":{"start":{"line":10,"column":11},"end":{"line":10,"column":12}},"loc":{"start":{"line":10,"column":26},"end":{"line":13,"column":9}},"line":10},"3":{"name":"(anonymous_3)","decl":{"start":{"line":20,"column":23},"end":{"line":20,"column":24}},"loc":{"start":{"line":20,"column":49},"end":{"line":37,"column":1}},"line":20},"4":{"name":"(anonymous_4)","decl":{"start":{"line":22,"column":54},"end":{"line":22,"column":55}},"loc":{"start":{"line":22,"column":82},"end":{"line":30,"column":9}},"line":22},"5":{"name":"(anonymous_5)","decl":{"start":{"line":30,"column":11},"end":{"line":30,"column":12}},"loc":{"start":{"line":30,"column":26},"end":{"line":32,"column":9}},"line":30}},"branchMap":{},"s":{"0":5,"1":5,"2":5,"3":5,"4":5,"5":1,"6":1,"7":1,"8":0,"9":0,"10":0,"11":0,"12":5,"13":0,"14":0,"15":0,"16":0,"17":0,"18":0,"19":0,"20":0},"f":{"0":1,"1":1,"2":0,"3":0,"4":0,"5":0},"b":{},"_coverageSchema":"1a1c01bbd47fc00a2c39e90264f33305004495a9","hash":"62048c452b353d77ba0dd11ddf55ea0dd8cc05c4"}
,"/home/ekibet/workspace/sunculture/sc_backend/api/controllers/crypto.controller.js": {"path":"/home/ekibet/workspace/sunculture/sc_backend/api/controllers/crypto.controller.js","statementMap":{"0":{"start":{"line":1,"column":0},"end":{"line":1,"column":26}},"1":{"start":{"line":2,"column":16},"end":{"line":2,"column":44}},"2":{"start":{"line":3,"column":16},"end":{"line":3,"column":43}},"3":{"start":{"line":5,"column":0},"end":{"line":17,"column":1}},"4":{"start":{"line":6,"column":4},"end":{"line":16,"column":5}},"5":{"start":{"line":7,"column":8},"end":{"line":12,"column":10}},"6":{"start":{"line":8,"column":12},"end":{"line":8,"column":85}},"7":{"start":{"line":10,"column":12},"end":{"line":10,"column":48}},"8":{"start":{"line":11,"column":12},"end":{"line":11,"column":65}},"9":{"start":{"line":14,"column":8},"end":{"line":14,"column":24}},"10":{"start":{"line":15,"column":8},"end":{"line":15,"column":102}},"11":{"start":{"line":19,"column":0},"end":{"line":33,"column":1}},"12":{"start":{"line":20,"column":4},"end":{"line":32,"column":5}},"13":{"start":{"line":21,"column":8},"end":{"line":28,"column":10}},"14":{"start":{"line":23,"column":12},"end":{"line":23,"column":85}},"15":{"start":{"line":26,"column":12},"end":{"line":26,"column":32}},"16":{"start":{"line":27,"column":12},"end":{"line":27,"column":72}},"17":{"start":{"line":30,"column":8},"end":{"line":30,"column":24}},"18":{"start":{"line":31,"column":8},"end":{"line":31,"column":102}}},"fnMap":{"0":{"name":"(anonymous_0)","decl":{"start":{"line":5,"column":18},"end":{"line":5,"column":19}},"loc":{"start":{"line":5,"column":44},"end":{"line":17,"column":1}},"line":5},"1":{"name":"(anonymous_1)","decl":{"start":{"line":7,"column":58},"end":{"line":7,"column":59}},"loc":{"start":{"line":7,"column":75},"end":{"line":9,"column":9}},"line":7},"2":{"name":"(anonymous_2)","decl":{"start":{"line":9,"column":11},"end":{"line":9,"column":12}},"loc":{"start":{"line":9,"column":26},"end":{"line":12,"column":9}},"line":9},"3":{"name":"(anonymous_3)","decl":{"start":{"line":19,"column":18},"end":{"line":19,"column":19}},"loc":{"start":{"line":19,"column":44},"end":{"line":33,"column":1}},"line":19},"4":{"name":"(anonymous_4)","decl":{"start":{"line":21,"column":58},"end":{"line":21,"column":59}},"loc":{"start":{"line":21,"column":75},"end":{"line":25,"column":9}},"line":21},"5":{"name":"(anonymous_5)","decl":{"start":{"line":25,"column":11},"end":{"line":25,"column":12}},"loc":{"start":{"line":25,"column":26},"end":{"line":28,"column":9}},"line":25}},"branchMap":{},"s":{"0":5,"1":5,"2":5,"3":5,"4":0,"5":0,"6":0,"7":0,"8":0,"9":0,"10":0,"11":5,"12":0,"13":0,"14":0,"15":0,"16":0,"17":0,"18":0},"f":{"0":0,"1":0,"2":0,"3":0,"4":0,"5":0},"b":{},"_coverageSchema":"1a1c01bbd47fc00a2c39e90264f33305004495a9","hash":"9e1e5b8b4ecbeec048a983c609695655cb342758"}
,"/home/ekibet/workspace/sunculture/sc_backend/api/controllers/customer.controller.js": {"path":"/home/ekibet/workspace/sunculture/sc_backend/api/controllers/customer.controller.js","statementMap":{"0":{"start":{"line":1,"column":0},"end":{"line":1,"column":26}},"1":{"start":{"line":2,"column":16},"end":{"line":2,"column":44}},"2":{"start":{"line":3,"column":16},"end":{"line":3,"column":43}},"3":{"start":{"line":4,"column":12},"end":{"line":4,"column":35}},"4":{"start":{"line":6,"column":0},"end":{"line":18,"column":1}},"5":{"start":{"line":7,"column":4},"end":{"line":17,"column":5}},"6":{"start":{"line":8,"column":8},"end":{"line":13,"column":10}},"7":{"start":{"line":9,"column":12},"end":{"line":9,"column":116}},"8":{"start":{"line":11,"column":12},"end":{"line":11,"column":48}},"9":{"start":{"line":12,"column":12},"end":{"line":12,"column":65}},"10":{"start":{"line":15,"column":8},"end":{"line":15,"column":24}},"11":{"start":{"line":16,"column":8},"end":{"line":16,"column":102}},"12":{"start":{"line":20,"column":0},"end":{"line":34,"column":1}},"13":{"start":{"line":21,"column":4},"end":{"line":33,"column":5}},"14":{"start":{"line":22,"column":8},"end":{"line":29,"column":10}},"15":{"start":{"line":24,"column":12},"end":{"line":24,"column":85}},"16":{"start":{"line":27,"column":12},"end":{"line":27,"column":32}},"17":{"start":{"line":28,"column":12},"end":{"line":28,"column":72}},"18":{"start":{"line":31,"column":8},"end":{"line":31,"column":24}},"19":{"start":{"line":32,"column":8},"end":{"line":32,"column":102}},"20":{"start":{"line":36,"column":0},"end":{"line":65,"column":1}},"21":{"start":{"line":37,"column":4},"end":{"line":64,"column":5}},"22":{"start":{"line":38,"column":8},"end":{"line":60,"column":10}},"23":{"start":{"line":39,"column":12},"end":{"line":39,"column":32}},"24":{"start":{"line":40,"column":12},"end":{"line":56,"column":13}},"25":{"start":{"line":41,"column":29},"end":{"line":41,"column":39}},"26":{"start":{"line":42,"column":16},"end":{"line":53,"column":17}},"27":{"start":{"line":43,"column":20},"end":{"line":43,"column":74}},"28":{"start":{"line":44,"column":34},"end":{"line":44,"column":161}},"29":{"start":{"line":46,"column":32},"end":{"line":46,"column":125}},"30":{"start":{"line":48,"column":41},"end":{"line":48,"column":119}},"31":{"start":{"line":50,"column":20},"end":{"line":50,"column":165}},"32":{"start":{"line":52,"column":20},"end":{"line":52,"column":107}},"33":{"start":{"line":55,"column":16},"end":{"line":55,"column":117}},"34":{"start":{"line":58,"column":12},"end":{"line":58,"column":48}},"35":{"start":{"line":59,"column":12},"end":{"line":59,"column":65}},"36":{"start":{"line":62,"column":8},"end":{"line":62,"column":24}},"37":{"start":{"line":63,"column":8},"end":{"line":63,"column":102}}},"fnMap":{"0":{"name":"(anonymous_0)","decl":{"start":{"line":6,"column":16},"end":{"line":6,"column":17}},"loc":{"start":{"line":6,"column":36},"end":{"line":18,"column":1}},"line":6},"1":{"name":"(anonymous_1)","decl":{"start":{"line":8,"column":52},"end":{"line":8,"column":53}},"loc":{"start":{"line":8,"column":69},"end":{"line":10,"column":9}},"line":8},"2":{"name":"(anonymous_2)","decl":{"start":{"line":10,"column":11},"end":{"line":10,"column":12}},"loc":{"start":{"line":10,"column":26},"end":{"line":13,"column":9}},"line":10},"3":{"name":"(anonymous_3)","decl":{"start":{"line":20,"column":16},"end":{"line":20,"column":17}},"loc":{"start":{"line":20,"column":42},"end":{"line":34,"column":1}},"line":20},"4":{"name":"(anonymous_4)","decl":{"start":{"line":22,"column":81},"end":{"line":22,"column":82}},"loc":{"start":{"line":22,"column":98},"end":{"line":26,"column":9}},"line":22},"5":{"name":"(anonymous_5)","decl":{"start":{"line":26,"column":11},"end":{"line":26,"column":12}},"loc":{"start":{"line":26,"column":26},"end":{"line":29,"column":9}},"line":26},"6":{"name":"(anonymous_6)","decl":{"start":{"line":36,"column":17},"end":{"line":36,"column":18}},"loc":{"start":{"line":36,"column":37},"end":{"line":65,"column":1}},"line":36},"7":{"name":"(anonymous_7)","decl":{"start":{"line":38,"column":61},"end":{"line":38,"column":62}},"loc":{"start":{"line":38,"column":78},"end":{"line":57,"column":9}},"line":38},"8":{"name":"(anonymous_8)","decl":{"start":{"line":57,"column":11},"end":{"line":57,"column":12}},"loc":{"start":{"line":57,"column":26},"end":{"line":60,"column":9}},"line":57}},"branchMap":{"0":{"loc":{"start":{"line":40,"column":12},"end":{"line":56,"column":13}},"type":"if","locations":[{"start":{"line":40,"column":12},"end":{"line":56,"column":13}},{"start":{"line":54,"column":19},"end":{"line":56,"column":13}}],"line":40},"1":{"loc":{"start":{"line":42,"column":16},"end":{"line":53,"column":17}},"type":"if","locations":[{"start":{"line":42,"column":16},"end":{"line":53,"column":17}},{"start":{"line":51,"column":23},"end":{"line":53,"column":17}}],"line":42}},"s":{"0":5,"1":5,"2":5,"3":5,"4":5,"5":1,"6":1,"7":1,"8":0,"9":0,"10":0,"11":0,"12":5,"13":0,"14":0,"15":0,"16":0,"17":0,"18":0,"19":0,"20":5,"21":0,"22":0,"23":0,"24":0,"25":0,"26":0,"27":0,"28":0,"29":0,"30":0,"31":0,"32":0,"33":0,"34":0,"35":0,"36":0,"37":0},"f":{"0":1,"1":1,"2":0,"3":0,"4":0,"5":0,"6":0,"7":0,"8":0},"b":{"0":[0,0],"1":[0,0]},"_coverageSchema":"1a1c01bbd47fc00a2c39e90264f33305004495a9","hash":"c4c4bd27089c74722c6cf2110edf0fb514830695"}
,"/home/ekibet/workspace/sunculture/sc_backend/api/controllers/device.controller.js": {"path":"/home/ekibet/workspace/sunculture/sc_backend/api/controllers/device.controller.js","statementMap":{"0":{"start":{"line":1,"column":0},"end":{"line":1,"column":26}},"1":{"start":{"line":2,"column":16},"end":{"line":2,"column":44}},"2":{"start":{"line":3,"column":16},"end":{"line":3,"column":43}},"3":{"start":{"line":5,"column":0},"end":{"line":21,"column":1}},"4":{"start":{"line":6,"column":4},"end":{"line":20,"column":5}},"5":{"start":{"line":7,"column":8},"end":{"line":16,"column":10}},"6":{"start":{"line":8,"column":12},"end":{"line":12,"column":13}},"7":{"start":{"line":9,"column":16},"end":{"line":9,"column":78}},"8":{"start":{"line":11,"column":16},"end":{"line":11,"column":77}},"9":{"start":{"line":14,"column":12},"end":{"line":14,"column":48}},"10":{"start":{"line":15,"column":12},"end":{"line":15,"column":65}},"11":{"start":{"line":18,"column":8},"end":{"line":18,"column":24}},"12":{"start":{"line":19,"column":8},"end":{"line":19,"column":102}}},"fnMap":{"0":{"name":"(anonymous_0)","decl":{"start":{"line":5,"column":17},"end":{"line":5,"column":18}},"loc":{"start":{"line":5,"column":43},"end":{"line":21,"column":1}},"line":5},"1":{"name":"(anonymous_1)","decl":{"start":{"line":7,"column":57},"end":{"line":7,"column":58}},"loc":{"start":{"line":7,"column":74},"end":{"line":13,"column":9}},"line":7},"2":{"name":"(anonymous_2)","decl":{"start":{"line":13,"column":11},"end":{"line":13,"column":12}},"loc":{"start":{"line":13,"column":26},"end":{"line":16,"column":9}},"line":13}},"branchMap":{"0":{"loc":{"start":{"line":8,"column":12},"end":{"line":12,"column":13}},"type":"if","locations":[{"start":{"line":8,"column":12},"end":{"line":12,"column":13}},{"start":{"line":10,"column":19},"end":{"line":12,"column":13}}],"line":8}},"s":{"0":5,"1":5,"2":5,"3":5,"4":1,"5":1,"6":1,"7":0,"8":1,"9":0,"10":0,"11":0,"12":0},"f":{"0":1,"1":1,"2":0},"b":{"0":[0,1]},"_coverageSchema":"1a1c01bbd47fc00a2c39e90264f33305004495a9","hash":"ad694929dc90e2d9c1a99c73435bf501b99c51c9"}
,"/home/ekibet/workspace/sunculture/sc_backend/api/controllers/index.js": {"path":"/home/ekibet/workspace/sunculture/sc_backend/api/controllers/index.js","statementMap":{"0":{"start":{"line":1,"column":0},"end":{"line":9,"column":1}}},"fnMap":{},"branchMap":{},"s":{"0":5},"f":{},"b":{},"_coverageSchema":"1a1c01bbd47fc00a2c39e90264f33305004495a9","hash":"103cee2652244405debc588d9409fd43419c67d6"}
,"/home/ekibet/workspace/sunculture/sc_backend/api/controllers/payment.controller.js": {"path":"/home/ekibet/workspace/sunculture/sc_backend/api/controllers/payment.controller.js","statementMap":{"0":{"start":{"line":1,"column":0},"end":{"line":1,"column":26}},"1":{"start":{"line":2,"column":16},"end":{"line":2,"column":44}},"2":{"start":{"line":3,"column":16},"end":{"line":3,"column":43}},"3":{"start":{"line":4,"column":0},"end":{"line":16,"column":1}},"4":{"start":{"line":5,"column":4},"end":{"line":15,"column":5}},"5":{"start":{"line":6,"column":8},"end":{"line":11,"column":10}},"6":{"start":{"line":7,"column":12},"end":{"line":7,"column":85}},"7":{"start":{"line":9,"column":12},"end":{"line":9,"column":48}},"8":{"start":{"line":10,"column":12},"end":{"line":10,"column":65}},"9":{"start":{"line":13,"column":8},"end":{"line":13,"column":24}},"10":{"start":{"line":14,"column":8},"end":{"line":14,"column":102}}},"fnMap":{"0":{"name":"(anonymous_0)","decl":{"start":{"line":4,"column":16},"end":{"line":4,"column":17}},"loc":{"start":{"line":4,"column":42},"end":{"line":16,"column":1}},"line":4},"1":{"name":"(anonymous_1)","decl":{"start":{"line":6,"column":69},"end":{"line":6,"column":70}},"loc":{"start":{"line":6,"column":86},"end":{"line":8,"column":9}},"line":6},"2":{"name":"(anonymous_2)","decl":{"start":{"line":8,"column":11},"end":{"line":8,"column":12}},"loc":{"start":{"line":8,"column":26},"end":{"line":11,"column":9}},"line":8}},"branchMap":{},"s":{"0":5,"1":5,"2":5,"3":5,"4":1,"5":1,"6":1,"7":0,"8":0,"9":0,"10":0},"f":{"0":1,"1":1,"2":0},"b":{},"_coverageSchema":"1a1c01bbd47fc00a2c39e90264f33305004495a9","hash":"1eca42d6a4db13dd9bae561294de284fad1d3671"}
,"/home/ekibet/workspace/sunculture/sc_backend/api/controllers/referral.controller.js": {"path":"/home/ekibet/workspace/sunculture/sc_backend/api/controllers/referral.controller.js","statementMap":{"0":{"start":{"line":1,"column":0},"end":{"line":1,"column":26}},"1":{"start":{"line":2,"column":16},"end":{"line":2,"column":44}},"2":{"start":{"line":3,"column":16},"end":{"line":3,"column":43}},"3":{"start":{"line":5,"column":0},"end":{"line":17,"column":1}},"4":{"start":{"line":6,"column":4},"end":{"line":16,"column":5}},"5":{"start":{"line":7,"column":8},"end":{"line":12,"column":10}},"6":{"start":{"line":8,"column":12},"end":{"line":8,"column":98}},"7":{"start":{"line":10,"column":12},"end":{"line":10,"column":48}},"8":{"start":{"line":11,"column":12},"end":{"line":11,"column":65}},"9":{"start":{"line":14,"column":8},"end":{"line":14,"column":24}},"10":{"start":{"line":15,"column":8},"end":{"line":15,"column":102}},"11":{"start":{"line":19,"column":0},"end":{"line":31,"column":1}},"12":{"start":{"line":20,"column":4},"end":{"line":30,"column":5}},"13":{"start":{"line":21,"column":8},"end":{"line":26,"column":10}},"14":{"start":{"line":22,"column":12},"end":{"line":22,"column":85}},"15":{"start":{"line":24,"column":12},"end":{"line":24,"column":48}},"16":{"start":{"line":25,"column":12},"end":{"line":25,"column":65}},"17":{"start":{"line":28,"column":8},"end":{"line":28,"column":24}},"18":{"start":{"line":29,"column":8},"end":{"line":29,"column":102}},"19":{"start":{"line":33,"column":0},"end":{"line":45,"column":1}},"20":{"start":{"line":34,"column":4},"end":{"line":44,"column":5}},"21":{"start":{"line":35,"column":8},"end":{"line":40,"column":10}},"22":{"start":{"line":36,"column":12},"end":{"line":36,"column":106}},"23":{"start":{"line":38,"column":12},"end":{"line":38,"column":48}},"24":{"start":{"line":39,"column":12},"end":{"line":39,"column":65}},"25":{"start":{"line":42,"column":8},"end":{"line":42,"column":24}},"26":{"start":{"line":43,"column":8},"end":{"line":43,"column":102}},"27":{"start":{"line":47,"column":0},"end":{"line":59,"column":1}},"28":{"start":{"line":48,"column":4},"end":{"line":58,"column":5}},"29":{"start":{"line":49,"column":8},"end":{"line":54,"column":10}},"30":{"start":{"line":50,"column":12},"end":{"line":50,"column":98}},"31":{"start":{"line":52,"column":12},"end":{"line":52,"column":48}},"32":{"start":{"line":53,"column":12},"end":{"line":53,"column":65}},"33":{"start":{"line":56,"column":8},"end":{"line":56,"column":24}},"34":{"start":{"line":57,"column":8},"end":{"line":57,"column":102}}},"fnMap":{"0":{"name":"(anonymous_0)","decl":{"start":{"line":5,"column":17},"end":{"line":5,"column":18}},"loc":{"start":{"line":5,"column":43},"end":{"line":17,"column":1}},"line":5},"1":{"name":"(anonymous_1)","decl":{"start":{"line":7,"column":59},"end":{"line":7,"column":60}},"loc":{"start":{"line":7,"column":76},"end":{"line":9,"column":9}},"line":7},"2":{"name":"(anonymous_2)","decl":{"start":{"line":9,"column":11},"end":{"line":9,"column":12}},"loc":{"start":{"line":9,"column":26},"end":{"line":12,"column":9}},"line":9},"3":{"name":"(anonymous_3)","decl":{"start":{"line":19,"column":16},"end":{"line":19,"column":17}},"loc":{"start":{"line":19,"column":42},"end":{"line":31,"column":1}},"line":19},"4":{"name":"(anonymous_4)","decl":{"start":{"line":21,"column":58},"end":{"line":21,"column":59}},"loc":{"start":{"line":21,"column":75},"end":{"line":23,"column":9}},"line":21},"5":{"name":"(anonymous_5)","decl":{"start":{"line":23,"column":11},"end":{"line":23,"column":12}},"loc":{"start":{"line":23,"column":26},"end":{"line":26,"column":9}},"line":23},"6":{"name":"(anonymous_6)","decl":{"start":{"line":33,"column":17},"end":{"line":33,"column":18}},"loc":{"start":{"line":33,"column":43},"end":{"line":45,"column":1}},"line":33},"7":{"name":"(anonymous_7)","decl":{"start":{"line":35,"column":59},"end":{"line":35,"column":60}},"loc":{"start":{"line":35,"column":76},"end":{"line":37,"column":9}},"line":35},"8":{"name":"(anonymous_8)","decl":{"start":{"line":37,"column":11},"end":{"line":37,"column":12}},"loc":{"start":{"line":37,"column":26},"end":{"line":40,"column":9}},"line":37},"9":{"name":"(anonymous_9)","decl":{"start":{"line":47,"column":17},"end":{"line":47,"column":18}},"loc":{"start":{"line":47,"column":43},"end":{"line":59,"column":1}},"line":47},"10":{"name":"(anonymous_10)","decl":{"start":{"line":49,"column":59},"end":{"line":49,"column":60}},"loc":{"start":{"line":49,"column":76},"end":{"line":51,"column":9}},"line":49},"11":{"name":"(anonymous_11)","decl":{"start":{"line":51,"column":11},"end":{"line":51,"column":12}},"loc":{"start":{"line":51,"column":26},"end":{"line":54,"column":9}},"line":51}},"branchMap":{},"s":{"0":5,"1":5,"2":5,"3":5,"4":0,"5":0,"6":0,"7":0,"8":0,"9":0,"10":0,"11":5,"12":0,"13":0,"14":0,"15":0,"16":0,"17":0,"18":0,"19":5,"20":0,"21":0,"22":0,"23":0,"24":0,"25":0,"26":0,"27":5,"28":0,"29":0,"30":0,"31":0,"32":0,"33":0,"34":0},"f":{"0":0,"1":0,"2":0,"3":0,"4":0,"5":0,"6":0,"7":0,"8":0,"9":0,"10":0,"11":0},"b":{},"_coverageSchema":"1a1c01bbd47fc00a2c39e90264f33305004495a9","hash":"baf0742ed0da8f2640139716c64f4d1ce0d67b09"}
,"/home/ekibet/workspace/sunculture/sc_backend/api/controllers/ticket.controller.js": {"path":"/home/ekibet/workspace/sunculture/sc_backend/api/controllers/ticket.controller.js","statementMap":{"0":{"start":{"line":1,"column":0},"end":{"line":1,"column":26}},"1":{"start":{"line":2,"column":16},"end":{"line":2,"column":44}},"2":{"start":{"line":3,"column":16},"end":{"line":3,"column":43}},"3":{"start":{"line":5,"column":0},"end":{"line":19,"column":1}},"4":{"start":{"line":6,"column":4},"end":{"line":18,"column":5}},"5":{"start":{"line":7,"column":8},"end":{"line":14,"column":10}},"6":{"start":{"line":9,"column":12},"end":{"line":9,"column":95}},"7":{"start":{"line":12,"column":12},"end":{"line":12,"column":48}},"8":{"start":{"line":13,"column":12},"end":{"line":13,"column":65}},"9":{"start":{"line":16,"column":8},"end":{"line":16,"column":24}},"10":{"start":{"line":17,"column":8},"end":{"line":17,"column":102}},"11":{"start":{"line":21,"column":0},"end":{"line":35,"column":1}},"12":{"start":{"line":22,"column":4},"end":{"line":34,"column":5}},"13":{"start":{"line":23,"column":8},"end":{"line":30,"column":10}},"14":{"start":{"line":25,"column":12},"end":{"line":25,"column":85}},"15":{"start":{"line":28,"column":12},"end":{"line":28,"column":32}},"16":{"start":{"line":29,"column":12},"end":{"line":29,"column":72}},"17":{"start":{"line":32,"column":8},"end":{"line":32,"column":24}},"18":{"start":{"line":33,"column":8},"end":{"line":33,"column":102}},"19":{"start":{"line":37,"column":0},"end":{"line":51,"column":1}},"20":{"start":{"line":38,"column":4},"end":{"line":50,"column":5}},"21":{"start":{"line":39,"column":8},"end":{"line":46,"column":10}},"22":{"start":{"line":41,"column":12},"end":{"line":41,"column":85}},"23":{"start":{"line":44,"column":12},"end":{"line":44,"column":32}},"24":{"start":{"line":45,"column":12},"end":{"line":45,"column":72}},"25":{"start":{"line":48,"column":8},"end":{"line":48,"column":24}},"26":{"start":{"line":49,"column":8},"end":{"line":49,"column":102}}},"fnMap":{"0":{"name":"(anonymous_0)","decl":{"start":{"line":5,"column":17},"end":{"line":5,"column":18}},"loc":{"start":{"line":5,"column":43},"end":{"line":19,"column":1}},"line":5},"1":{"name":"(anonymous_1)","decl":{"start":{"line":7,"column":57},"end":{"line":7,"column":58}},"loc":{"start":{"line":7,"column":69},"end":{"line":11,"column":9}},"line":7},"2":{"name":"(anonymous_2)","decl":{"start":{"line":11,"column":11},"end":{"line":11,"column":12}},"loc":{"start":{"line":11,"column":26},"end":{"line":14,"column":9}},"line":11},"3":{"name":"(anonymous_3)","decl":{"start":{"line":21,"column":16},"end":{"line":21,"column":17}},"loc":{"start":{"line":21,"column":42},"end":{"line":35,"column":1}},"line":21},"4":{"name":"(anonymous_4)","decl":{"start":{"line":23,"column":56},"end":{"line":23,"column":57}},"loc":{"start":{"line":23,"column":73},"end":{"line":27,"column":9}},"line":23},"5":{"name":"(anonymous_5)","decl":{"start":{"line":27,"column":11},"end":{"line":27,"column":12}},"loc":{"start":{"line":27,"column":26},"end":{"line":30,"column":9}},"line":27},"6":{"name":"(anonymous_6)","decl":{"start":{"line":37,"column":29},"end":{"line":37,"column":30}},"loc":{"start":{"line":37,"column":55},"end":{"line":51,"column":1}},"line":37},"7":{"name":"(anonymous_7)","decl":{"start":{"line":39,"column":69},"end":{"line":39,"column":70}},"loc":{"start":{"line":39,"column":86},"end":{"line":43,"column":9}},"line":39},"8":{"name":"(anonymous_8)","decl":{"start":{"line":43,"column":11},"end":{"line":43,"column":12}},"loc":{"start":{"line":43,"column":26},"end":{"line":46,"column":9}},"line":43}},"branchMap":{},"s":{"0":5,"1":5,"2":5,"3":5,"4":1,"5":1,"6":1,"7":0,"8":0,"9":0,"10":0,"11":5,"12":1,"13":1,"14":1,"15":0,"16":0,"17":0,"18":0,"19":5,"20":0,"21":0,"22":0,"23":0,"24":0,"25":0,"26":0},"f":{"0":1,"1":1,"2":0,"3":1,"4":1,"5":0,"6":0,"7":0,"8":0},"b":{},"_coverageSchema":"1a1c01bbd47fc00a2c39e90264f33305004495a9","hash":"d9755130473c1cfba0493142ef50a5e938aa6d38"}
,"/home/ekibet/workspace/sunculture/sc_backend/api/helpers/crypto.helper.js": {"path":"/home/ekibet/workspace/sunculture/sc_backend/api/helpers/crypto.helper.js","statementMap":{"0":{"start":{"line":1,"column":17},"end":{"line":1,"column":37}},"1":{"start":{"line":3,"column":0},"end":{"line":6,"column":1}},"2":{"start":{"line":4,"column":21},"end":{"line":4,"column":89}},"3":{"start":{"line":5,"column":4},"end":{"line":5,"column":21}},"4":{"start":{"line":8,"column":0},"end":{"line":16,"column":1}},"5":{"start":{"line":9,"column":16},"end":{"line":9,"column":59}},"6":{"start":{"line":11,"column":4},"end":{"line":11,"column":39}},"7":{"start":{"line":13,"column":24},"end":{"line":13,"column":69}},"8":{"start":{"line":15,"column":4},"end":{"line":15,"column":24}}},"fnMap":{"0":{"name":"(anonymous_0)","decl":{"start":{"line":3,"column":18},"end":{"line":3,"column":19}},"loc":{"start":{"line":3,"column":43},"end":{"line":6,"column":1}},"line":3},"1":{"name":"(anonymous_1)","decl":{"start":{"line":8,"column":18},"end":{"line":8,"column":19}},"loc":{"start":{"line":8,"column":45},"end":{"line":16,"column":1}},"line":8}},"branchMap":{},"s":{"0":5,"1":5,"2":0,"3":0,"4":5,"5":0,"6":0,"7":0,"8":0},"f":{"0":0,"1":0},"b":{},"_coverageSchema":"1a1c01bbd47fc00a2c39e90264f33305004495a9","hash":"ffcc958b6d10e68ff7e42ea3aa781d2894b29265"}
,"/home/ekibet/workspace/sunculture/sc_backend/api/helpers/index.js": {"path":"/home/ekibet/workspace/sunculture/sc_backend/api/helpers/index.js","statementMap":{"0":{"start":{"line":1,"column":0},"end":{"line":7,"column":1}}},"fnMap":{},"branchMap":{},"s":{"0":5},"f":{},"b":{},"_coverageSchema":"1a1c01bbd47fc00a2c39e90264f33305004495a9","hash":"2a2ad486495bce50003d82106a133c747f649137"}
,"/home/ekibet/workspace/sunculture/sc_backend/api/helpers/jwt.helper.js": {"path":"/home/ekibet/workspace/sunculture/sc_backend/api/helpers/jwt.helper.js","statementMap":{"0":{"start":{"line":1,"column":0},"end":{"line":1,"column":27}},"1":{"start":{"line":2,"column":12},"end":{"line":2,"column":35}},"2":{"start":{"line":3,"column":23},"end":{"line":3,"column":38}},"3":{"start":{"line":4,"column":17},"end":{"line":4,"column":45}},"4":{"start":{"line":6,"column":0},"end":{"line":25,"column":1}},"5":{"start":{"line":7,"column":23},"end":{"line":7,"column":51}},"6":{"start":{"line":8,"column":4},"end":{"line":24,"column":5}},"7":{"start":{"line":9,"column":23},"end":{"line":9,"column":46}},"8":{"start":{"line":10,"column":28},"end":{"line":10,"column":37}},"9":{"start":{"line":11,"column":8},"end":{"line":11,"column":32}},"10":{"start":{"line":12,"column":8},"end":{"line":21,"column":11}},"11":{"start":{"line":13,"column":12},"end":{"line":20,"column":13}},"12":{"start":{"line":14,"column":16},"end":{"line":14,"column":70}},"13":{"start":{"line":16,"column":16},"end":{"line":16,"column":68}},"14":{"start":{"line":17,"column":16},"end":{"line":17,"column":45}},"15":{"start":{"line":18,"column":16},"end":{"line":18,"column":41}},"16":{"start":{"line":19,"column":16},"end":{"line":19,"column":23}},"17":{"start":{"line":23,"column":8},"end":{"line":23,"column":87}},"18":{"start":{"line":27,"column":0},"end":{"line":47,"column":1}},"19":{"start":{"line":28,"column":23},"end":{"line":28,"column":60}},"20":{"start":{"line":29,"column":25},"end":{"line":29,"column":46}},"21":{"start":{"line":30,"column":4},"end":{"line":46,"column":6}},"22":{"start":{"line":31,"column":8},"end":{"line":45,"column":9}},"23":{"start":{"line":32,"column":12},"end":{"line":42,"column":14}},"24":{"start":{"line":33,"column":16},"end":{"line":41,"column":17}},"25":{"start":{"line":34,"column":20},"end":{"line":34,"column":77}},"26":{"start":{"line":36,"column":20},"end":{"line":40,"column":22}},"27":{"start":{"line":44,"column":12},"end":{"line":44,"column":69}}},"fnMap":{"0":{"name":"(anonymous_0)","decl":{"start":{"line":6,"column":20},"end":{"line":6,"column":21}},"loc":{"start":{"line":6,"column":46},"end":{"line":25,"column":1}},"line":6},"1":{"name":"(anonymous_1)","decl":{"start":{"line":12,"column":64},"end":{"line":12,"column":65}},"loc":{"start":{"line":12,"column":88},"end":{"line":21,"column":9}},"line":12},"2":{"name":"(anonymous_2)","decl":{"start":{"line":27,"column":28},"end":{"line":27,"column":29}},"loc":{"start":{"line":27,"column":54},"end":{"line":47,"column":1}},"line":27},"3":{"name":"(anonymous_3)","decl":{"start":{"line":30,"column":23},"end":{"line":30,"column":24}},"loc":{"start":{"line":30,"column":50},"end":{"line":46,"column":5}},"line":30},"4":{"name":"(anonymous_4)","decl":{"start":{"line":32,"column":55},"end":{"line":32,"column":56}},"loc":{"start":{"line":32,"column":84},"end":{"line":42,"column":13}},"line":32}},"branchMap":{"0":{"loc":{"start":{"line":8,"column":4},"end":{"line":24,"column":5}},"type":"if","locations":[{"start":{"line":8,"column":4},"end":{"line":24,"column":5}},{"start":{"line":22,"column":11},"end":{"line":24,"column":5}}],"line":8},"1":{"loc":{"start":{"line":13,"column":12},"end":{"line":20,"column":13}},"type":"if","locations":[{"start":{"line":13,"column":12},"end":{"line":20,"column":13}},{"start":{"line":15,"column":19},"end":{"line":20,"column":13}}],"line":13},"2":{"loc":{"start":{"line":31,"column":8},"end":{"line":45,"column":9}},"type":"if","locations":[{"start":{"line":31,"column":8},"end":{"line":45,"column":9}},{"start":{"line":43,"column":15},"end":{"line":45,"column":9}}],"line":31},"3":{"loc":{"start":{"line":33,"column":16},"end":{"line":41,"column":17}},"type":"if","locations":[{"start":{"line":33,"column":16},"end":{"line":41,"column":17}},{"start":{"line":35,"column":23},"end":{"line":41,"column":17}}],"line":33}},"s":{"0":5,"1":5,"2":5,"3":5,"4":5,"5":5,"6":5,"7":5,"8":5,"9":5,"10":5,"11":5,"12":0,"13":5,"14":5,"15":5,"16":5,"17":0,"18":5,"19":0,"20":0,"21":0,"22":0,"23":0,"24":0,"25":0,"26":0,"27":0},"f":{"0":5,"1":5,"2":0,"3":0,"4":0},"b":{"0":[5,0],"1":[0,5],"2":[0,0],"3":[0,0]},"_coverageSchema":"1a1c01bbd47fc00a2c39e90264f33305004495a9","hash":"4ceb69251b290aa59fd998abcc6ed736376073ab"}
,"/home/ekibet/workspace/sunculture/sc_backend/api/helpers/redis.helper.js": {"path":"/home/ekibet/workspace/sunculture/sc_backend/api/helpers/redis.helper.js","statementMap":{"0":{"start":{"line":1,"column":0},"end":{"line":1,"column":27}},"1":{"start":{"line":2,"column":12},"end":{"line":2,"column":28}},"2":{"start":{"line":3,"column":18},"end":{"line":5,"column":2}},"3":{"start":{"line":6,"column":0},"end":{"line":8,"column":3}},"4":{"start":{"line":7,"column":4},"end":{"line":7,"column":42}},"5":{"start":{"line":9,"column":0},"end":{"line":11,"column":3}},"6":{"start":{"line":10,"column":4},"end":{"line":10,"column":47}},"7":{"start":{"line":13,"column":0},"end":{"line":13,"column":22}},"8":{"start":{"line":15,"column":0},"end":{"line":15,"column":29}}},"fnMap":{"0":{"name":"(anonymous_0)","decl":{"start":{"line":6,"column":26},"end":{"line":6,"column":27}},"loc":{"start":{"line":6,"column":44},"end":{"line":8,"column":1}},"line":6},"1":{"name":"(anonymous_1)","decl":{"start":{"line":9,"column":24},"end":{"line":9,"column":25}},"loc":{"start":{"line":9,"column":45},"end":{"line":11,"column":1}},"line":9}},"branchMap":{},"s":{"0":5,"1":5,"2":5,"3":5,"4":5,"5":5,"6":0,"7":5,"8":5},"f":{"0":5,"1":0},"b":{},"_coverageSchema":"1a1c01bbd47fc00a2c39e90264f33305004495a9","hash":"6c7a35ef7cc2634dff44b8ca636ff9e093b04b9e"}
,"/home/ekibet/workspace/sunculture/sc_backend/api/helpers/response.helper.js": {"path":"/home/ekibet/workspace/sunculture/sc_backend/api/helpers/response.helper.js","statementMap":{"0":{"start":{"line":1,"column":23},"end":{"line":1,"column":38}},"1":{"start":{"line":3,"column":0},"end":{"line":14,"column":2}},"2":{"start":{"line":4,"column":15},"end":{"line":12,"column":5}},"3":{"start":{"line":13,"column":4},"end":{"line":13,"column":38}},"4":{"start":{"line":16,"column":0},"end":{"line":27,"column":2}},"5":{"start":{"line":17,"column":15},"end":{"line":25,"column":5}},"6":{"start":{"line":26,"column":4},"end":{"line":26,"column":38}},"7":{"start":{"line":30,"column":0},"end":{"line":41,"column":2}},"8":{"start":{"line":31,"column":18},"end":{"line":39,"column":5}},"9":{"start":{"line":40,"column":4},"end":{"line":40,"column":41}},"10":{"start":{"line":43,"column":0},"end":{"line":45,"column":2}},"11":{"start":{"line":44,"column":4},"end":{"line":44,"column":38}},"12":{"start":{"line":47,"column":0},"end":{"line":58,"column":2}},"13":{"start":{"line":48,"column":15},"end":{"line":56,"column":5}},"14":{"start":{"line":57,"column":4},"end":{"line":57,"column":38}},"15":{"start":{"line":60,"column":0},"end":{"line":71,"column":2}},"16":{"start":{"line":61,"column":15},"end":{"line":69,"column":5}},"17":{"start":{"line":70,"column":4},"end":{"line":70,"column":38}},"18":{"start":{"line":73,"column":0},"end":{"line":84,"column":2}},"19":{"start":{"line":74,"column":18},"end":{"line":82,"column":5}},"20":{"start":{"line":83,"column":4},"end":{"line":83,"column":41}},"21":{"start":{"line":86,"column":0},"end":{"line":97,"column":2}},"22":{"start":{"line":87,"column":15},"end":{"line":95,"column":5}},"23":{"start":{"line":96,"column":4},"end":{"line":96,"column":38}},"24":{"start":{"line":99,"column":0},"end":{"line":124,"column":1}},"25":{"start":{"line":100,"column":22},"end":{"line":100,"column":25}},"26":{"start":{"line":101,"column":4},"end":{"line":101,"column":44}},"27":{"start":{"line":102,"column":25},"end":{"line":102,"column":72}},"28":{"start":{"line":103,"column":4},"end":{"line":113,"column":5}},"29":{"start":{"line":104,"column":8},"end":{"line":104,"column":25}},"30":{"start":{"line":105,"column":23},"end":{"line":105,"column":50}},"31":{"start":{"line":106,"column":8},"end":{"line":106,"column":47}},"32":{"start":{"line":107,"column":11},"end":{"line":113,"column":5}},"33":{"start":{"line":108,"column":8},"end":{"line":108,"column":25}},"34":{"start":{"line":109,"column":8},"end":{"line":109,"column":78}},"35":{"start":{"line":110,"column":11},"end":{"line":113,"column":5}},"36":{"start":{"line":111,"column":8},"end":{"line":111,"column":25}},"37":{"start":{"line":112,"column":8},"end":{"line":112,"column":81}},"38":{"start":{"line":114,"column":15},"end":{"line":122,"column":5}},"39":{"start":{"line":123,"column":4},"end":{"line":123,"column":46}}},"fnMap":{"0":{"name":"(anonymous_0)","decl":{"start":{"line":3,"column":26},"end":{"line":3,"column":27}},"loc":{"start":{"line":3,"column":46},"end":{"line":14,"column":1}},"line":3},"1":{"name":"(anonymous_1)","decl":{"start":{"line":16,"column":26},"end":{"line":16,"column":27}},"loc":{"start":{"line":16,"column":46},"end":{"line":27,"column":1}},"line":16},"2":{"name":"(anonymous_2)","decl":{"start":{"line":30,"column":34},"end":{"line":30,"column":35}},"loc":{"start":{"line":30,"column":60},"end":{"line":41,"column":1}},"line":30},"3":{"name":"(anonymous_3)","decl":{"start":{"line":43,"column":39},"end":{"line":43,"column":40}},"loc":{"start":{"line":43,"column":60},"end":{"line":45,"column":1}},"line":43},"4":{"name":"(anonymous_4)","decl":{"start":{"line":47,"column":24},"end":{"line":47,"column":25}},"loc":{"start":{"line":47,"column":44},"end":{"line":58,"column":1}},"line":47},"5":{"name":"(anonymous_5)","decl":{"start":{"line":60,"column":27},"end":{"line":60,"column":28}},"loc":{"start":{"line":60,"column":47},"end":{"line":71,"column":1}},"line":60},"6":{"name":"(anonymous_6)","decl":{"start":{"line":73,"column":34},"end":{"line":73,"column":35}},"loc":{"start":{"line":73,"column":60},"end":{"line":84,"column":1}},"line":73},"7":{"name":"(anonymous_7)","decl":{"start":{"line":86,"column":31},"end":{"line":86,"column":32}},"loc":{"start":{"line":86,"column":51},"end":{"line":97,"column":1}},"line":86},"8":{"name":"(anonymous_8)","decl":{"start":{"line":99,"column":34},"end":{"line":99,"column":35}},"loc":{"start":{"line":99,"column":60},"end":{"line":124,"column":1}},"line":99}},"branchMap":{"0":{"loc":{"start":{"line":103,"column":4},"end":{"line":113,"column":5}},"type":"if","locations":[{"start":{"line":103,"column":4},"end":{"line":113,"column":5}},{"start":{"line":107,"column":11},"end":{"line":113,"column":5}}],"line":103},"1":{"loc":{"start":{"line":107,"column":11},"end":{"line":113,"column":5}},"type":"if","locations":[{"start":{"line":107,"column":11},"end":{"line":113,"column":5}},{"start":{"line":110,"column":11},"end":{"line":113,"column":5}}],"line":107},"2":{"loc":{"start":{"line":110,"column":11},"end":{"line":113,"column":5}},"type":"if","locations":[{"start":{"line":110,"column":11},"end":{"line":113,"column":5}},{"start":{},"end":{}}],"line":110}},"s":{"0":5,"1":5,"2":1,"3":1,"4":5,"5":1,"6":1,"7":5,"8":4,"9":4,"10":5,"11":0,"12":5,"13":0,"14":0,"15":5,"16":1,"17":1,"18":5,"19":0,"20":0,"21":5,"22":0,"23":0,"24":5,"25":0,"26":0,"27":0,"28":0,"29":0,"30":0,"31":0,"32":0,"33":0,"34":0,"35":0,"36":0,"37":0,"38":0,"39":0},"f":{"0":1,"1":1,"2":4,"3":0,"4":0,"5":1,"6":0,"7":0,"8":0},"b":{"0":[0,0],"1":[0,0],"2":[0,0]},"_coverageSchema":"1a1c01bbd47fc00a2c39e90264f33305004495a9","hash":"2ef3f2d8fa46412c86b78bf0752fdb7f8895a95d"}
,"/home/ekibet/workspace/sunculture/sc_backend/api/helpers/utility.helper.js": {"path":"/home/ekibet/workspace/sunculture/sc_backend/api/helpers/utility.helper.js","statementMap":{"0":{"start":{"line":1,"column":0},"end":{"line":9,"column":2}},"1":{"start":{"line":2,"column":15},"end":{"line":2,"column":17}},"2":{"start":{"line":3,"column":19},"end":{"line":3,"column":30}},"3":{"start":{"line":4,"column":4},"end":{"line":7,"column":5}},"4":{"start":{"line":4,"column":17},"end":{"line":4,"column":18}},"5":{"start":{"line":5,"column":18},"end":{"line":5,"column":61}},"6":{"start":{"line":6,"column":8},"end":{"line":6,"column":63}},"7":{"start":{"line":8,"column":4},"end":{"line":8,"column":24}},"8":{"start":{"line":12,"column":0},"end":{"line":20,"column":1}},"9":{"start":{"line":13,"column":17},"end":{"line":13,"column":19}},"10":{"start":{"line":14,"column":21},"end":{"line":14,"column":85}},"11":{"start":{"line":15,"column":27},"end":{"line":15,"column":44}},"12":{"start":{"line":16,"column":4},"end":{"line":18,"column":5}},"13":{"start":{"line":16,"column":17},"end":{"line":16,"column":18}},"14":{"start":{"line":17,"column":8},"end":{"line":17,"column":82}},"15":{"start":{"line":19,"column":4},"end":{"line":19,"column":18}}},"fnMap":{"0":{"name":"(anonymous_0)","decl":{"start":{"line":1,"column":23},"end":{"line":1,"column":24}},"loc":{"start":{"line":1,"column":41},"end":{"line":9,"column":1}},"line":1},"1":{"name":"(anonymous_1)","decl":{"start":{"line":12,"column":34},"end":{"line":12,"column":35}},"loc":{"start":{"line":12,"column":52},"end":{"line":20,"column":1}},"line":12}},"branchMap":{"0":{"loc":{"start":{"line":6,"column":16},"end":{"line":6,"column":62}},"type":"cond-expr","locations":[{"start":{"line":6,"column":36},"end":{"line":6,"column":39}},{"start":{"line":6,"column":42},"end":{"line":6,"column":62}}],"line":6},"1":{"loc":{"start":{"line":6,"column":16},"end":{"line":6,"column":33}},"type":"binary-expr","locations":[{"start":{"line":6,"column":16},"end":{"line":6,"column":21}},{"start":{"line":6,"column":25},"end":{"line":6,"column":33}}],"line":6}},"s":{"0":5,"1":1,"2":1,"3":1,"4":1,"5":4,"6":4,"7":1,"8":5,"9":0,"10":0,"11":0,"12":0,"13":0,"14":0,"15":0},"f":{"0":1,"1":0},"b":{"0":[0,4],"1":[4,3]},"_coverageSchema":"1a1c01bbd47fc00a2c39e90264f33305004495a9","hash":"feedc055695f58de7221bb6c38d9dbacaa956d60"}
,"/home/ekibet/workspace/sunculture/sc_backend/api/joi/device.joi.js": {"path":"/home/ekibet/workspace/sunculture/sc_backend/api/joi/device.joi.js","statementMap":{"0":{"start":{"line":1,"column":12},"end":{"line":1,"column":26}},"1":{"start":{"line":3,"column":0},"end":{"line":31,"column":1}},"2":{"start":{"line":11,"column":8},"end":{"line":29,"column":9}},"3":{"start":{"line":12,"column":27},"end":{"line":12,"column":57}},"4":{"start":{"line":13,"column":12},"end":{"line":28,"column":13}},"5":{"start":{"line":14,"column":16},"end":{"line":21,"column":18}},"6":{"start":{"line":23,"column":16},"end":{"line":25,"column":17}},"7":{"start":{"line":24,"column":20},"end":{"line":24,"column":34}},"8":{"start":{"line":26,"column":16},"end":{"line":26,"column":49}},"9":{"start":{"line":27,"column":16},"end":{"line":27,"column":23}}},"fnMap":{"0":{"name":"(anonymous_0)","decl":{"start":{"line":10,"column":18},"end":{"line":10,"column":19}},"loc":{"start":{"line":10,"column":30},"end":{"line":30,"column":5}},"line":10},"1":{"name":"(anonymous_1)","decl":{"start":{"line":11,"column":15},"end":{"line":11,"column":16}},"loc":{"start":{"line":11,"column":35},"end":{"line":29,"column":9}},"line":11}},"branchMap":{"0":{"loc":{"start":{"line":13,"column":12},"end":{"line":28,"column":13}},"type":"if","locations":[{"start":{"line":13,"column":12},"end":{"line":28,"column":13}},{"start":{"line":22,"column":19},"end":{"line":28,"column":13}}],"line":13},"1":{"loc":{"start":{"line":23,"column":16},"end":{"line":25,"column":17}},"type":"if","locations":[{"start":{"line":23,"column":16},"end":{"line":25,"column":17}},{"start":{},"end":{}}],"line":23}},"s":{"0":5,"1":5,"2":5,"3":1,"4":1,"5":0,"6":1,"7":1,"8":1,"9":1},"f":{"0":5,"1":1},"b":{"0":[0,1],"1":[1,0]},"_coverageSchema":"1a1c01bbd47fc00a2c39e90264f33305004495a9","hash":"8055894437964ace4cde4921fbc28d6131f10842"}
,"/home/ekibet/workspace/sunculture/sc_backend/api/joi/referral.joi.js": {"path":"/home/ekibet/workspace/sunculture/sc_backend/api/joi/referral.joi.js","statementMap":{"0":{"start":{"line":1,"column":12},"end":{"line":1,"column":26}},"1":{"start":{"line":3,"column":0},"end":{"line":35,"column":1}},"2":{"start":{"line":15,"column":8},"end":{"line":33,"column":9}},"3":{"start":{"line":16,"column":27},"end":{"line":16,"column":57}},"4":{"start":{"line":17,"column":12},"end":{"line":32,"column":13}},"5":{"start":{"line":18,"column":16},"end":{"line":25,"column":18}},"6":{"start":{"line":27,"column":16},"end":{"line":29,"column":17}},"7":{"start":{"line":28,"column":20},"end":{"line":28,"column":34}},"8":{"start":{"line":30,"column":16},"end":{"line":30,"column":49}},"9":{"start":{"line":31,"column":16},"end":{"line":31,"column":23}}},"fnMap":{"0":{"name":"(anonymous_0)","decl":{"start":{"line":14,"column":18},"end":{"line":14,"column":19}},"loc":{"start":{"line":14,"column":30},"end":{"line":34,"column":5}},"line":14},"1":{"name":"(anonymous_1)","decl":{"start":{"line":15,"column":15},"end":{"line":15,"column":16}},"loc":{"start":{"line":15,"column":35},"end":{"line":33,"column":9}},"line":15}},"branchMap":{"0":{"loc":{"start":{"line":17,"column":12},"end":{"line":32,"column":13}},"type":"if","locations":[{"start":{"line":17,"column":12},"end":{"line":32,"column":13}},{"start":{"line":26,"column":19},"end":{"line":32,"column":13}}],"line":17},"1":{"loc":{"start":{"line":27,"column":16},"end":{"line":29,"column":17}},"type":"if","locations":[{"start":{"line":27,"column":16},"end":{"line":29,"column":17}},{"start":{},"end":{}}],"line":27}},"s":{"0":5,"1":5,"2":10,"3":0,"4":0,"5":0,"6":0,"7":0,"8":0,"9":0},"f":{"0":10,"1":0},"b":{"0":[0,0],"1":[0,0]},"_coverageSchema":"1a1c01bbd47fc00a2c39e90264f33305004495a9","hash":"d7dc6beffbbd046f3ceb33615a63aba725e097bd"}
,"/home/ekibet/workspace/sunculture/sc_backend/api/joi/ticket.joi.js": {"path":"/home/ekibet/workspace/sunculture/sc_backend/api/joi/ticket.joi.js","statementMap":{"0":{"start":{"line":1,"column":12},"end":{"line":1,"column":26}},"1":{"start":{"line":3,"column":0},"end":{"line":38,"column":1}},"2":{"start":{"line":18,"column":8},"end":{"line":36,"column":9}},"3":{"start":{"line":19,"column":27},"end":{"line":19,"column":57}},"4":{"start":{"line":20,"column":12},"end":{"line":35,"column":13}},"5":{"start":{"line":21,"column":16},"end":{"line":28,"column":18}},"6":{"start":{"line":30,"column":16},"end":{"line":32,"column":17}},"7":{"start":{"line":31,"column":20},"end":{"line":31,"column":34}},"8":{"start":{"line":33,"column":16},"end":{"line":33,"column":49}},"9":{"start":{"line":34,"column":16},"end":{"line":34,"column":23}}},"fnMap":{"0":{"name":"(anonymous_0)","decl":{"start":{"line":17,"column":18},"end":{"line":17,"column":19}},"loc":{"start":{"line":17,"column":30},"end":{"line":37,"column":5}},"line":17},"1":{"name":"(anonymous_1)","decl":{"start":{"line":18,"column":15},"end":{"line":18,"column":16}},"loc":{"start":{"line":18,"column":35},"end":{"line":36,"column":9}},"line":18}},"branchMap":{"0":{"loc":{"start":{"line":20,"column":12},"end":{"line":35,"column":13}},"type":"if","locations":[{"start":{"line":20,"column":12},"end":{"line":35,"column":13}},{"start":{"line":29,"column":19},"end":{"line":35,"column":13}}],"line":20},"1":{"loc":{"start":{"line":30,"column":16},"end":{"line":32,"column":17}},"type":"if","locations":[{"start":{"line":30,"column":16},"end":{"line":32,"column":17}},{"start":{},"end":{}}],"line":30}},"s":{"0":5,"1":5,"2":10,"3":1,"4":1,"5":0,"6":1,"7":1,"8":1,"9":1},"f":{"0":10,"1":1},"b":{"0":[0,1],"1":[1,0]},"_coverageSchema":"1a1c01bbd47fc00a2c39e90264f33305004495a9","hash":"69c12152931b54b0a78a786526311c2ca2cb7e65"}
,"/home/ekibet/workspace/sunculture/sc_backend/api/joi/token.joi.js": {"path":"/home/ekibet/workspace/sunculture/sc_backend/api/joi/token.joi.js","statementMap":{"0":{"start":{"line":1,"column":12},"end":{"line":1,"column":26}},"1":{"start":{"line":3,"column":0},"end":{"line":31,"column":1}},"2":{"start":{"line":11,"column":8},"end":{"line":29,"column":9}},"3":{"start":{"line":12,"column":27},"end":{"line":12,"column":57}},"4":{"start":{"line":13,"column":12},"end":{"line":28,"column":13}},"5":{"start":{"line":14,"column":16},"end":{"line":21,"column":18}},"6":{"start":{"line":23,"column":16},"end":{"line":25,"column":17}},"7":{"start":{"line":24,"column":20},"end":{"line":24,"column":34}},"8":{"start":{"line":26,"column":16},"end":{"line":26,"column":49}},"9":{"start":{"line":27,"column":16},"end":{"line":27,"column":23}}},"fnMap":{"0":{"name":"(anonymous_0)","decl":{"start":{"line":10,"column":18},"end":{"line":10,"column":19}},"loc":{"start":{"line":10,"column":30},"end":{"line":30,"column":5}},"line":10},"1":{"name":"(anonymous_1)","decl":{"start":{"line":11,"column":15},"end":{"line":11,"column":16}},"loc":{"start":{"line":11,"column":35},"end":{"line":29,"column":9}},"line":11}},"branchMap":{"0":{"loc":{"start":{"line":13,"column":12},"end":{"line":28,"column":13}},"type":"if","locations":[{"start":{"line":13,"column":12},"end":{"line":28,"column":13}},{"start":{"line":22,"column":19},"end":{"line":28,"column":13}}],"line":13},"1":{"loc":{"start":{"line":23,"column":16},"end":{"line":25,"column":17}},"type":"if","locations":[{"start":{"line":23,"column":16},"end":{"line":25,"column":17}},{"start":{},"end":{}}],"line":23}},"s":{"0":5,"1":5,"2":5,"3":0,"4":0,"5":0,"6":0,"7":0,"8":0,"9":0},"f":{"0":5,"1":0},"b":{"0":[0,0],"1":[0,0]},"_coverageSchema":"1a1c01bbd47fc00a2c39e90264f33305004495a9","hash":"d8e930f7d1aa26925d2b6d01962d83091c6c173e"}
,"/home/ekibet/workspace/sunculture/sc_backend/api/joi/user.joi.js": {"path":"/home/ekibet/workspace/sunculture/sc_backend/api/joi/user.joi.js","statementMap":{"0":{"start":{"line":1,"column":12},"end":{"line":1,"column":26}},"1":{"start":{"line":3,"column":0},"end":{"line":38,"column":1}},"2":{"start":{"line":16,"column":8},"end":{"line":36,"column":9}},"3":{"start":{"line":17,"column":12},"end":{"line":17,"column":64}},"4":{"start":{"line":18,"column":27},"end":{"line":18,"column":57}},"5":{"start":{"line":19,"column":12},"end":{"line":35,"column":13}},"6":{"start":{"line":20,"column":16},"end":{"line":20,"column":80}},"7":{"start":{"line":21,"column":16},"end":{"line":28,"column":18}},"8":{"start":{"line":30,"column":16},"end":{"line":32,"column":17}},"9":{"start":{"line":31,"column":20},"end":{"line":31,"column":34}},"10":{"start":{"line":33,"column":16},"end":{"line":33,"column":49}},"11":{"start":{"line":34,"column":16},"end":{"line":34,"column":23}}},"fnMap":{"0":{"name":"(anonymous_0)","decl":{"start":{"line":15,"column":18},"end":{"line":15,"column":19}},"loc":{"start":{"line":15,"column":30},"end":{"line":37,"column":5}},"line":15},"1":{"name":"(anonymous_1)","decl":{"start":{"line":16,"column":15},"end":{"line":16,"column":16}},"loc":{"start":{"line":16,"column":35},"end":{"line":36,"column":9}},"line":16}},"branchMap":{"0":{"loc":{"start":{"line":19,"column":12},"end":{"line":35,"column":13}},"type":"if","locations":[{"start":{"line":19,"column":12},"end":{"line":35,"column":13}},{"start":{"line":29,"column":19},"end":{"line":35,"column":13}}],"line":19},"1":{"loc":{"start":{"line":30,"column":16},"end":{"line":32,"column":17}},"type":"if","locations":[{"start":{"line":30,"column":16},"end":{"line":32,"column":17}},{"start":{},"end":{}}],"line":30}},"s":{"0":5,"1":5,"2":10,"3":1,"4":1,"5":1,"6":0,"7":0,"8":1,"9":1,"10":1,"11":1},"f":{"0":10,"1":1},"b":{"0":[0,1],"1":[1,0]},"_coverageSchema":"1a1c01bbd47fc00a2c39e90264f33305004495a9","hash":"f76e96d1608ccd88e385baf58d315d7134338cbe"}
,"/home/ekibet/workspace/sunculture/sc_backend/api/models/dbcdr.js": {"path":"/home/ekibet/workspace/sunculture/sc_backend/api/models/dbcdr.js","statementMap":{"0":{"start":{"line":1,"column":13},"end":{"line":1,"column":32}},"1":{"start":{"line":2,"column":0},"end":{"line":61,"column":1}},"2":{"start":{"line":3,"column":18},"end":{"line":58,"column":6}},"3":{"start":{"line":60,"column":4},"end":{"line":60,"column":17}}},"fnMap":{"0":{"name":"(anonymous_0)","decl":{"start":{"line":2,"column":17},"end":{"line":2,"column":18}},"loc":{"start":{"line":2,"column":43},"end":{"line":61,"column":1}},"line":2}},"branchMap":{},"s":{"0":5,"1":5,"2":5,"3":5},"f":{"0":5},"b":{},"_coverageSchema":"1a1c01bbd47fc00a2c39e90264f33305004495a9","hash":"c9a730fbc3458262c3b81240471718a2aa30a37f"}
,"/home/ekibet/workspace/sunculture/sc_backend/api/models/index.js": {"path":"/home/ekibet/workspace/sunculture/sc_backend/api/models/index.js","statementMap":{"0":{"start":{"line":3,"column":11},"end":{"line":3,"column":24}},"1":{"start":{"line":4,"column":13},"end":{"line":4,"column":28}},"2":{"start":{"line":5,"column":18},"end":{"line":5,"column":38}},"3":{"start":{"line":6,"column":17},"end":{"line":6,"column":42}},"4":{"start":{"line":7,"column":12},"end":{"line":7,"column":49}},"5":{"start":{"line":8,"column":15},"end":{"line":8,"column":65}},"6":{"start":{"line":9,"column":11},"end":{"line":9,"column":13}},"7":{"start":{"line":12,"column":0},"end":{"line":16,"column":1}},"8":{"start":{"line":13,"column":2},"end":{"line":13,"column":74}},"9":{"start":{"line":15,"column":2},"end":{"line":15,"column":87}},"10":{"start":{"line":18,"column":0},"end":{"line":26,"column":5}},"11":{"start":{"line":21,"column":4},"end":{"line":21,"column":90}},"12":{"start":{"line":24,"column":18},"end":{"line":24,"column":85}},"13":{"start":{"line":25,"column":4},"end":{"line":25,"column":27}},"14":{"start":{"line":28,"column":0},"end":{"line":32,"column":3}},"15":{"start":{"line":29,"column":2},"end":{"line":31,"column":3}},"16":{"start":{"line":30,"column":4},"end":{"line":30,"column":32}},"17":{"start":{"line":34,"column":0},"end":{"line":34,"column":25}},"18":{"start":{"line":35,"column":0},"end":{"line":35,"column":25}},"19":{"start":{"line":37,"column":0},"end":{"line":37,"column":20}}},"fnMap":{"0":{"name":"(anonymous_0)","decl":{"start":{"line":20,"column":10},"end":{"line":20,"column":11}},"loc":{"start":{"line":20,"column":18},"end":{"line":22,"column":3}},"line":20},"1":{"name":"(anonymous_1)","decl":{"start":{"line":23,"column":11},"end":{"line":23,"column":12}},"loc":{"start":{"line":23,"column":19},"end":{"line":26,"column":3}},"line":23},"2":{"name":"(anonymous_2)","decl":{"start":{"line":28,"column":24},"end":{"line":28,"column":25}},"loc":{"start":{"line":28,"column":37},"end":{"line":32,"column":1}},"line":28}},"branchMap":{"0":{"loc":{"start":{"line":7,"column":12},"end":{"line":7,"column":49}},"type":"binary-expr","locations":[{"start":{"line":7,"column":12},"end":{"line":7,"column":32}},{"start":{"line":7,"column":36},"end":{"line":7,"column":49}}],"line":7},"1":{"loc":{"start":{"line":12,"column":0},"end":{"line":16,"column":1}},"type":"if","locations":[{"start":{"line":12,"column":0},"end":{"line":16,"column":1}},{"start":{"line":14,"column":7},"end":{"line":16,"column":1}}],"line":12},"2":{"loc":{"start":{"line":21,"column":11},"end":{"line":21,"column":89}},"type":"binary-expr","locations":[{"start":{"line":21,"column":12},"end":{"line":21,"column":35}},{"start":{"line":21,"column":41},"end":{"line":21,"column":58}},{"start":{"line":21,"column":64},"end":{"line":21,"column":88}}],"line":21},"3":{"loc":{"start":{"line":29,"column":2},"end":{"line":31,"column":3}},"type":"if","locations":[{"start":{"line":29,"column":2},"end":{"line":31,"column":3}},{"start":{},"end":{}}],"line":29}},"s":{"0":5,"1":5,"2":5,"3":5,"4":5,"5":5,"6":5,"7":5,"8":0,"9":5,"10":5,"11":25,"12":20,"13":20,"14":5,"15":20,"16":0,"17":5,"18":5,"19":5},"f":{"0":25,"1":20,"2":20},"b":{"0":[5,0],"1":[0,5],"2":[25,25,20],"3":[0,20]},"_coverageSchema":"1a1c01bbd47fc00a2c39e90264f33305004495a9","hash":"b96bb1a8a15b9b782ddd34f6070ea8cff71b32e0"}
,"/home/ekibet/workspace/sunculture/sc_backend/api/models/logs.js": {"path":"/home/ekibet/workspace/sunculture/sc_backend/api/models/logs.js","statementMap":{"0":{"start":{"line":1,"column":13},"end":{"line":1,"column":32}},"1":{"start":{"line":2,"column":0},"end":{"line":92,"column":1}},"2":{"start":{"line":3,"column":17},"end":{"line":89,"column":6}},"3":{"start":{"line":91,"column":4},"end":{"line":91,"column":16}}},"fnMap":{"0":{"name":"(anonymous_0)","decl":{"start":{"line":2,"column":17},"end":{"line":2,"column":18}},"loc":{"start":{"line":2,"column":43},"end":{"line":92,"column":1}},"line":2}},"branchMap":{},"s":{"0":5,"1":5,"2":5,"3":5},"f":{"0":5},"b":{},"_coverageSchema":"1a1c01bbd47fc00a2c39e90264f33305004495a9","hash":"217b33c9d927282b47b6248a770c065baf6a7ee9"}
,"/home/ekibet/workspace/sunculture/sc_backend/api/models/otp.js": {"path":"/home/ekibet/workspace/sunculture/sc_backend/api/models/otp.js","statementMap":{"0":{"start":{"line":1,"column":13},"end":{"line":1,"column":32}},"1":{"start":{"line":2,"column":0},"end":{"line":69,"column":1}},"2":{"start":{"line":3,"column":16},"end":{"line":66,"column":6}},"3":{"start":{"line":68,"column":4},"end":{"line":68,"column":15}}},"fnMap":{"0":{"name":"(anonymous_0)","decl":{"start":{"line":2,"column":17},"end":{"line":2,"column":18}},"loc":{"start":{"line":2,"column":43},"end":{"line":69,"column":1}},"line":2}},"branchMap":{},"s":{"0":5,"1":5,"2":5,"3":5},"f":{"0":5},"b":{},"_coverageSchema":"1a1c01bbd47fc00a2c39e90264f33305004495a9","hash":"04d71f08c541b695c533704f73ffe04425dfbee0"}
,"/home/ekibet/workspace/sunculture/sc_backend/api/models/referrals.js": {"path":"/home/ekibet/workspace/sunculture/sc_backend/api/models/referrals.js","statementMap":{"0":{"start":{"line":1,"column":13},"end":{"line":1,"column":32}},"1":{"start":{"line":2,"column":0},"end":{"line":73,"column":1}},"2":{"start":{"line":3,"column":22},"end":{"line":70,"column":6}},"3":{"start":{"line":72,"column":4},"end":{"line":72,"column":21}}},"fnMap":{"0":{"name":"(anonymous_0)","decl":{"start":{"line":2,"column":17},"end":{"line":2,"column":18}},"loc":{"start":{"line":2,"column":43},"end":{"line":73,"column":1}},"line":2}},"branchMap":{},"s":{"0":5,"1":5,"2":5,"3":5},"f":{"0":5},"b":{},"_coverageSchema":"1a1c01bbd47fc00a2c39e90264f33305004495a9","hash":"cc9bcc89d4acf8712317eee28e16a3cc4f280868"}
,"/home/ekibet/workspace/sunculture/sc_backend/api/routes/auth.js": {"path":"/home/ekibet/workspace/sunculture/sc_backend/api/routes/auth.js","statementMap":{"0":{"start":{"line":1,"column":16},"end":{"line":1,"column":34}},"1":{"start":{"line":3,"column":15},"end":{"line":3,"column":31}},"2":{"start":{"line":5,"column":19},"end":{"line":5,"column":50}},"3":{"start":{"line":7,"column":12},"end":{"line":7,"column":44}},"4":{"start":{"line":9,"column":12},"end":{"line":9,"column":39}},"5":{"start":{"line":28,"column":0},"end":{"line":28,"column":73}},"6":{"start":{"line":60,"column":0},"end":{"line":60,"column":107}},"7":{"start":{"line":62,"column":0},"end":{"line":62,"column":24}}},"fnMap":{},"branchMap":{},"s":{"0":5,"1":5,"2":5,"3":5,"4":5,"5":5,"6":5,"7":5},"f":{},"b":{},"_coverageSchema":"1a1c01bbd47fc00a2c39e90264f33305004495a9","hash":"82735ed90c4aa83fc28656e7eb330dda1370d006"}
,"/home/ekibet/workspace/sunculture/sc_backend/api/routes/cryptos.js": {"path":"/home/ekibet/workspace/sunculture/sc_backend/api/routes/cryptos.js","statementMap":{"0":{"start":{"line":1,"column":14},"end":{"line":1,"column":32}},"1":{"start":{"line":3,"column":13},"end":{"line":3,"column":29}},"2":{"start":{"line":5,"column":19},"end":{"line":5,"column":50}},"3":{"start":{"line":7,"column":12},"end":{"line":7,"column":44}},"4":{"start":{"line":9,"column":0},"end":{"line":9,"column":58}},"5":{"start":{"line":11,"column":0},"end":{"line":11,"column":57}},"6":{"start":{"line":13,"column":0},"end":{"line":13,"column":24}}},"fnMap":{},"branchMap":{},"s":{"0":5,"1":5,"2":5,"3":5,"4":5,"5":5,"6":5},"f":{},"b":{},"_coverageSchema":"1a1c01bbd47fc00a2c39e90264f33305004495a9","hash":"837358c25f336bc75eeb7d2680c8a92c6d68523e"}
,"/home/ekibet/workspace/sunculture/sc_backend/api/routes/devices.js": {"path":"/home/ekibet/workspace/sunculture/sc_backend/api/routes/devices.js","statementMap":{"0":{"start":{"line":1,"column":14},"end":{"line":1,"column":32}},"1":{"start":{"line":3,"column":13},"end":{"line":3,"column":29}},"2":{"start":{"line":5,"column":19},"end":{"line":5,"column":50}},"3":{"start":{"line":7,"column":12},"end":{"line":7,"column":40}},"4":{"start":{"line":9,"column":12},"end":{"line":9,"column":44}},"5":{"start":{"line":44,"column":0},"end":{"line":44,"column":110}},"6":{"start":{"line":46,"column":0},"end":{"line":46,"column":24}}},"fnMap":{},"branchMap":{},"s":{"0":5,"1":5,"2":5,"3":5,"4":5,"5":5,"6":5},"f":{},"b":{},"_coverageSchema":"1a1c01bbd47fc00a2c39e90264f33305004495a9","hash":"2d073727fd63922893210d39078427ba9409657f"}
,"/home/ekibet/workspace/sunculture/sc_backend/api/routes/index.js": {"path":"/home/ekibet/workspace/sunculture/sc_backend/api/routes/index.js","statementMap":{"0":{"start":{"line":1,"column":14},"end":{"line":1,"column":32}},"1":{"start":{"line":2,"column":13},"end":{"line":2,"column":29}},"2":{"start":{"line":5,"column":0},"end":{"line":7,"column":3}},"3":{"start":{"line":6,"column":2},"end":{"line":6,"column":60}},"4":{"start":{"line":9,"column":0},"end":{"line":9,"column":24}}},"fnMap":{"0":{"name":"(anonymous_0)","decl":{"start":{"line":5,"column":16},"end":{"line":5,"column":17}},"loc":{"start":{"line":5,"column":42},"end":{"line":7,"column":1}},"line":5}},"branchMap":{},"s":{"0":5,"1":5,"2":5,"3":0,"4":5},"f":{"0":0},"b":{},"_coverageSchema":"1a1c01bbd47fc00a2c39e90264f33305004495a9","hash":"ddb83835d93eabd62d1096e5c35dd372dcc045f4"}
,"/home/ekibet/workspace/sunculture/sc_backend/api/routes/payments.js": {"path":"/home/ekibet/workspace/sunculture/sc_backend/api/routes/payments.js","statementMap":{"0":{"start":{"line":1,"column":14},"end":{"line":1,"column":32}},"1":{"start":{"line":2,"column":13},"end":{"line":2,"column":29}},"2":{"start":{"line":3,"column":19},"end":{"line":3,"column":50}},"3":{"start":{"line":4,"column":12},"end":{"line":4,"column":44}},"4":{"start":{"line":24,"column":0},"end":{"line":24,"column":72}},"5":{"start":{"line":27,"column":0},"end":{"line":27,"column":24}}},"fnMap":{},"branchMap":{},"s":{"0":5,"1":5,"2":5,"3":5,"4":5,"5":5},"f":{},"b":{},"_coverageSchema":"1a1c01bbd47fc00a2c39e90264f33305004495a9","hash":"6d4c65857764be6b87484a6bb1f3cb6febaf3c9c"}
,"/home/ekibet/workspace/sunculture/sc_backend/api/routes/referrals.js": {"path":"/home/ekibet/workspace/sunculture/sc_backend/api/routes/referrals.js","statementMap":{"0":{"start":{"line":1,"column":14},"end":{"line":1,"column":32}},"1":{"start":{"line":3,"column":13},"end":{"line":3,"column":29}},"2":{"start":{"line":5,"column":19},"end":{"line":5,"column":50}},"3":{"start":{"line":7,"column":12},"end":{"line":7,"column":42}},"4":{"start":{"line":9,"column":12},"end":{"line":9,"column":44}},"5":{"start":{"line":54,"column":0},"end":{"line":54,"column":107}},"6":{"start":{"line":72,"column":0},"end":{"line":72,"column":67}},"7":{"start":{"line":118,"column":0},"end":{"line":118,"column":118}},"8":{"start":{"line":144,"column":0},"end":{"line":144,"column":83}},"9":{"start":{"line":146,"column":0},"end":{"line":146,"column":24}}},"fnMap":{},"branchMap":{},"s":{"0":5,"1":5,"2":5,"3":5,"4":5,"5":5,"6":5,"7":5,"8":5,"9":5},"f":{},"b":{},"_coverageSchema":"1a1c01bbd47fc00a2c39e90264f33305004495a9","hash":"f8e480b7c335cac382f46f824f9d0670a0b68f9c"}
,"/home/ekibet/workspace/sunculture/sc_backend/api/routes/tickets.js": {"path":"/home/ekibet/workspace/sunculture/sc_backend/api/routes/tickets.js","statementMap":{"0":{"start":{"line":1,"column":14},"end":{"line":1,"column":32}},"1":{"start":{"line":3,"column":13},"end":{"line":3,"column":29}},"2":{"start":{"line":5,"column":19},"end":{"line":5,"column":50}},"3":{"start":{"line":7,"column":12},"end":{"line":7,"column":40}},"4":{"start":{"line":9,"column":12},"end":{"line":9,"column":44}},"5":{"start":{"line":53,"column":0},"end":{"line":53,"column":103}},"6":{"start":{"line":73,"column":0},"end":{"line":73,"column":63}},"7":{"start":{"line":103,"column":0},"end":{"line":103,"column":135}},"8":{"start":{"line":105,"column":0},"end":{"line":105,"column":24}}},"fnMap":{},"branchMap":{},"s":{"0":5,"1":5,"2":5,"3":5,"4":5,"5":5,"6":5,"7":5,"8":5},"f":{},"b":{},"_coverageSchema":"1a1c01bbd47fc00a2c39e90264f33305004495a9","hash":"646b480f8f1482cd01a1d66b54ae6e154b1e3692"}
,"/home/ekibet/workspace/sunculture/sc_backend/api/routes/users.js": {"path":"/home/ekibet/workspace/sunculture/sc_backend/api/routes/users.js","statementMap":{"0":{"start":{"line":1,"column":14},"end":{"line":1,"column":32}},"1":{"start":{"line":3,"column":13},"end":{"line":3,"column":29}},"2":{"start":{"line":5,"column":19},"end":{"line":5,"column":50}},"3":{"start":{"line":7,"column":12},"end":{"line":7,"column":38}},"4":{"start":{"line":9,"column":12},"end":{"line":9,"column":44}},"5":{"start":{"line":40,"column":0},"end":{"line":40,"column":98}},"6":{"start":{"line":76,"column":0},"end":{"line":76,"column":102}},"7":{"start":{"line":98,"column":0},"end":{"line":98,"column":81}},"8":{"start":{"line":100,"column":0},"end":{"line":100,"column":24}}},"fnMap":{},"branchMap":{},"s":{"0":5,"1":5,"2":5,"3":5,"4":5,"5":5,"6":5,"7":5,"8":5},"f":{},"b":{},"_coverageSchema":"1a1c01bbd47fc00a2c39e90264f33305004495a9","hash":"037611becda8bd75a368eca12a49bb1ee85caf71"}
,"/home/ekibet/workspace/sunculture/sc_backend/api/services/auth.service.js": {"path":"/home/ekibet/workspace/sunculture/sc_backend/api/services/auth.service.js","statementMap":{"0":{"start":{"line":2,"column":0},"end":{"line":7,"column":1}},"1":{"start":{"line":3,"column":4},"end":{"line":6,"column":6}},"2":{"start":{"line":4,"column":8},"end":{"line":4,"column":39}},"3":{"start":{"line":5,"column":8},"end":{"line":5,"column":35}}},"fnMap":{"0":{"name":"(anonymous_0)","decl":{"start":{"line":2,"column":16},"end":{"line":2,"column":17}},"loc":{"start":{"line":2,"column":42},"end":{"line":7,"column":1}},"line":2},"1":{"name":"(anonymous_1)","decl":{"start":{"line":3,"column":23},"end":{"line":3,"column":24}},"loc":{"start":{"line":3,"column":50},"end":{"line":6,"column":5}},"line":3}},"branchMap":{},"s":{"0":5,"1":1,"2":1,"3":1},"f":{"0":1,"1":1},"b":{},"_coverageSchema":"1a1c01bbd47fc00a2c39e90264f33305004495a9","hash":"ec4e1c78273f0617d6a5031db70180ad02d8e4c8"}
,"/home/ekibet/workspace/sunculture/sc_backend/api/services/crypto.service.js": {"path":"/home/ekibet/workspace/sunculture/sc_backend/api/services/crypto.service.js","statementMap":{"0":{"start":{"line":1,"column":16},"end":{"line":1,"column":43}},"1":{"start":{"line":3,"column":0},"end":{"line":20,"column":1}},"2":{"start":{"line":4,"column":4},"end":{"line":19,"column":6}},"3":{"start":{"line":6,"column":19},"end":{"line":6,"column":67}},"4":{"start":{"line":8,"column":21},"end":{"line":8,"column":73}},"5":{"start":{"line":10,"column":20},"end":{"line":10,"column":70}},"6":{"start":{"line":12,"column":28},"end":{"line":12,"column":82}},"7":{"start":{"line":14,"column":30},"end":{"line":14,"column":86}},"8":{"start":{"line":16,"column":29},"end":{"line":16,"column":84}},"9":{"start":{"line":18,"column":8},"end":{"line":18,"column":88}},"10":{"start":{"line":22,"column":0},"end":{"line":33,"column":1}},"11":{"start":{"line":23,"column":4},"end":{"line":32,"column":6}},"12":{"start":{"line":25,"column":28},"end":{"line":25,"column":91}},"13":{"start":{"line":27,"column":30},"end":{"line":27,"column":95}},"14":{"start":{"line":29,"column":29},"end":{"line":29,"column":93}},"15":{"start":{"line":31,"column":8},"end":{"line":31,"column":88}}},"fnMap":{"0":{"name":"(anonymous_0)","decl":{"start":{"line":3,"column":18},"end":{"line":3,"column":19}},"loc":{"start":{"line":3,"column":44},"end":{"line":20,"column":1}},"line":3},"1":{"name":"(anonymous_1)","decl":{"start":{"line":4,"column":23},"end":{"line":4,"column":24}},"loc":{"start":{"line":4,"column":50},"end":{"line":19,"column":5}},"line":4},"2":{"name":"(anonymous_2)","decl":{"start":{"line":22,"column":18},"end":{"line":22,"column":19}},"loc":{"start":{"line":22,"column":44},"end":{"line":33,"column":1}},"line":22},"3":{"name":"(anonymous_3)","decl":{"start":{"line":23,"column":23},"end":{"line":23,"column":24}},"loc":{"start":{"line":23,"column":50},"end":{"line":32,"column":5}},"line":23}},"branchMap":{"0":{"loc":{"start":{"line":6,"column":19},"end":{"line":6,"column":67}},"type":"cond-expr","locations":[{"start":{"line":6,"column":54},"end":{"line":6,"column":62}},{"start":{"line":6,"column":65},"end":{"line":6,"column":67}}],"line":6},"1":{"loc":{"start":{"line":8,"column":21},"end":{"line":8,"column":73}},"type":"cond-expr","locations":[{"start":{"line":8,"column":58},"end":{"line":8,"column":68}},{"start":{"line":8,"column":71},"end":{"line":8,"column":73}}],"line":8},"2":{"loc":{"start":{"line":10,"column":20},"end":{"line":10,"column":70}},"type":"cond-expr","locations":[{"start":{"line":10,"column":56},"end":{"line":10,"column":65}},{"start":{"line":10,"column":68},"end":{"line":10,"column":70}}],"line":10}},"s":{"0":5,"1":5,"2":0,"3":0,"4":0,"5":0,"6":0,"7":0,"8":0,"9":0,"10":5,"11":0,"12":0,"13":0,"14":0,"15":0},"f":{"0":0,"1":0,"2":0,"3":0},"b":{"0":[0,0],"1":[0,0],"2":[0,0]},"_coverageSchema":"1a1c01bbd47fc00a2c39e90264f33305004495a9","hash":"7a8c937aa229a7b4bd75b678c6b3405571e5ccc0"}
,"/home/ekibet/workspace/sunculture/sc_backend/api/services/customer.service.js": {"path":"/home/ekibet/workspace/sunculture/sc_backend/api/services/customer.service.js","statementMap":{"0":{"start":{"line":1,"column":0},"end":{"line":1,"column":26}},"1":{"start":{"line":2,"column":15},"end":{"line":2,"column":41}},"2":{"start":{"line":3,"column":23},"end":{"line":3,"column":38}},"3":{"start":{"line":4,"column":16},"end":{"line":4,"column":34}},"4":{"start":{"line":5,"column":12},"end":{"line":5,"column":36}},"5":{"start":{"line":6,"column":16},"end":{"line":6,"column":43}},"6":{"start":{"line":7,"column":12},"end":{"line":7,"column":16}},"7":{"start":{"line":9,"column":0},"end":{"line":55,"column":1}},"8":{"start":{"line":10,"column":4},"end":{"line":54,"column":6}},"9":{"start":{"line":11,"column":19},"end":{"line":11,"column":56}},"10":{"start":{"line":12,"column":8},"end":{"line":12,"column":57}},"11":{"start":{"line":13,"column":8},"end":{"line":53,"column":10}},"12":{"start":{"line":14,"column":12},"end":{"line":49,"column":14}},"13":{"start":{"line":15,"column":16},"end":{"line":45,"column":17}},"14":{"start":{"line":16,"column":20},"end":{"line":25,"column":22}},"15":{"start":{"line":17,"column":24},"end":{"line":21,"column":26}},"16":{"start":{"line":18,"column":28},"end":{"line":18,"column":67}},"17":{"start":{"line":20,"column":28},"end":{"line":20,"column":99}},"18":{"start":{"line":23,"column":24},"end":{"line":23,"column":42}},"19":{"start":{"line":24,"column":24},"end":{"line":24,"column":111}},"20":{"start":{"line":27,"column":20},"end":{"line":44,"column":22}},"21":{"start":{"line":35,"column":24},"end":{"line":35,"column":43}},"22":{"start":{"line":36,"column":24},"end":{"line":40,"column":26}},"23":{"start":{"line":37,"column":28},"end":{"line":37,"column":67}},"24":{"start":{"line":39,"column":28},"end":{"line":39,"column":99}},"25":{"start":{"line":42,"column":24},"end":{"line":42,"column":42}},"26":{"start":{"line":43,"column":24},"end":{"line":43,"column":111}},"27":{"start":{"line":47,"column":16},"end":{"line":47,"column":34}},"28":{"start":{"line":48,"column":16},"end":{"line":48,"column":27}},"29":{"start":{"line":51,"column":12},"end":{"line":51,"column":30}},"30":{"start":{"line":52,"column":12},"end":{"line":52,"column":23}},"31":{"start":{"line":57,"column":0},"end":{"line":88,"column":1}},"32":{"start":{"line":58,"column":4},"end":{"line":87,"column":6}},"33":{"start":{"line":59,"column":22},"end":{"line":66,"column":9}},"34":{"start":{"line":67,"column":8},"end":{"line":86,"column":11}},"35":{"start":{"line":68,"column":12},"end":{"line":85,"column":13}},"36":{"start":{"line":69,"column":16},"end":{"line":69,"column":36}},"37":{"start":{"line":70,"column":16},"end":{"line":70,"column":103}},"38":{"start":{"line":72,"column":35},"end":{"line":72,"column":60}},"39":{"start":{"line":73,"column":16},"end":{"line":73,"column":114}},"40":{"start":{"line":74,"column":16},"end":{"line":84,"column":17}},"41":{"start":{"line":75,"column":20},"end":{"line":75,"column":170}},"42":{"start":{"line":77,"column":20},"end":{"line":83,"column":21}},"43":{"start":{"line":78,"column":24},"end":{"line":78,"column":79}},"44":{"start":{"line":79,"column":24},"end":{"line":79,"column":55}},"45":{"start":{"line":81,"column":24},"end":{"line":81,"column":55}},"46":{"start":{"line":82,"column":24},"end":{"line":82,"column":48}},"47":{"start":{"line":90,"column":0},"end":{"line":123,"column":1}},"48":{"start":{"line":91,"column":4},"end":{"line":122,"column":6}},"49":{"start":{"line":92,"column":22},"end":{"line":99,"column":9}},"50":{"start":{"line":100,"column":8},"end":{"line":121,"column":11}},"51":{"start":{"line":101,"column":12},"end":{"line":120,"column":13}},"52":{"start":{"line":102,"column":16},"end":{"line":102,"column":36}},"53":{"start":{"line":103,"column":16},"end":{"line":103,"column":85}},"54":{"start":{"line":105,"column":35},"end":{"line":105,"column":60}},"55":{"start":{"line":106,"column":16},"end":{"line":106,"column":120}},"56":{"start":{"line":107,"column":16},"end":{"line":119,"column":17}},"57":{"start":{"line":108,"column":20},"end":{"line":115,"column":22}},"58":{"start":{"line":109,"column":24},"end":{"line":109,"column":42}},"59":{"start":{"line":110,"column":24},"end":{"line":110,"column":65}},"60":{"start":{"line":111,"column":24},"end":{"line":111,"column":45}},"61":{"start":{"line":113,"column":24},"end":{"line":113,"column":42}},"62":{"start":{"line":114,"column":24},"end":{"line":114,"column":35}},"63":{"start":{"line":117,"column":20},"end":{"line":117,"column":51}},"64":{"start":{"line":118,"column":20},"end":{"line":118,"column":44}},"65":{"start":{"line":124,"column":0},"end":{"line":133,"column":1}},"66":{"start":{"line":125,"column":4},"end":{"line":132,"column":6}},"67":{"start":{"line":126,"column":8},"end":{"line":131,"column":10}},"68":{"start":{"line":127,"column":12},"end":{"line":127,"column":29}},"69":{"start":{"line":129,"column":12},"end":{"line":129,"column":30}},"70":{"start":{"line":130,"column":12},"end":{"line":130,"column":23}},"71":{"start":{"line":135,"column":0},"end":{"line":144,"column":1}},"72":{"start":{"line":136,"column":4},"end":{"line":143,"column":6}},"73":{"start":{"line":137,"column":8},"end":{"line":142,"column":10}},"74":{"start":{"line":138,"column":12},"end":{"line":138,"column":27}},"75":{"start":{"line":140,"column":12},"end":{"line":140,"column":30}},"76":{"start":{"line":141,"column":12},"end":{"line":141,"column":23}}},"fnMap":{"0":{"name":"(anonymous_0)","decl":{"start":{"line":9,"column":16},"end":{"line":9,"column":17}},"loc":{"start":{"line":9,"column":31},"end":{"line":55,"column":1}},"line":9},"1":{"name":"(anonymous_1)","decl":{"start":{"line":10,"column":23},"end":{"line":10,"column":24}},"loc":{"start":{"line":10,"column":50},"end":{"line":54,"column":5}},"line":10},"2":{"name":"(anonymous_2)","decl":{"start":{"line":13,"column":53},"end":{"line":13,"column":54}},"loc":{"start":{"line":13,"column":69},"end":{"line":50,"column":9}},"line":13},"3":{"name":"(anonymous_3)","decl":{"start":{"line":14,"column":121},"end":{"line":14,"column":122}},"loc":{"start":{"line":14,"column":139},"end":{"line":46,"column":13}},"line":14},"4":{"name":"(anonymous_4)","decl":{"start":{"line":16,"column":144},"end":{"line":16,"column":145}},"loc":{"start":{"line":16,"column":156},"end":{"line":22,"column":21}},"line":16},"5":{"name":"(anonymous_5)","decl":{"start":{"line":17,"column":135},"end":{"line":17,"column":136}},"loc":{"start":{"line":17,"column":147},"end":{"line":19,"column":25}},"line":17},"6":{"name":"(anonymous_6)","decl":{"start":{"line":19,"column":27},"end":{"line":19,"column":28}},"loc":{"start":{"line":19,"column":40},"end":{"line":21,"column":25}},"line":19},"7":{"name":"(anonymous_7)","decl":{"start":{"line":22,"column":23},"end":{"line":22,"column":24}},"loc":{"start":{"line":22,"column":36},"end":{"line":25,"column":21}},"line":22},"8":{"name":"(anonymous_8)","decl":{"start":{"line":34,"column":28},"end":{"line":34,"column":29}},"loc":{"start":{"line":34,"column":44},"end":{"line":41,"column":21}},"line":34},"9":{"name":"(anonymous_9)","decl":{"start":{"line":36,"column":135},"end":{"line":36,"column":136}},"loc":{"start":{"line":36,"column":147},"end":{"line":38,"column":25}},"line":36},"10":{"name":"(anonymous_10)","decl":{"start":{"line":38,"column":27},"end":{"line":38,"column":28}},"loc":{"start":{"line":38,"column":40},"end":{"line":40,"column":25}},"line":38},"11":{"name":"(anonymous_11)","decl":{"start":{"line":41,"column":23},"end":{"line":41,"column":24}},"loc":{"start":{"line":41,"column":36},"end":{"line":44,"column":21}},"line":41},"12":{"name":"(anonymous_12)","decl":{"start":{"line":46,"column":15},"end":{"line":46,"column":16}},"loc":{"start":{"line":46,"column":
[...]
,"/home/ekibet/workspace/sunculture/sc_backend/api/services/payment.service.js": {"path":"/home/ekibet/workspace/sunculture/sc_backend/api/services/payment.service.js","statementMap":{"0":{"start":{"line":1,"column":0},"end":{"line":1,"column":26}},"1":{"start":{"line":2,"column":16},"end":{"line":2,"column":34}},"2":{"start":{"line":3,"column":12},"end":{"line":3,"column":36}},"3":{"start":{"line":5,"column":0},"end":{"line":34,"column":1}},"4":{"start":{"line":6,"column":4},"end":{"line":33,"column":6}},"5":{"start":{"line":7,"column":22},"end":{"line":14,"column":9}},"6":{"start":{"line":15,"column":8},"end":{"line":32,"column":11}},"7":{"start":{"line":16,"column":21},"end":{"line":16,"column":79}},"8":{"start":{"line":17,"column":23},"end":{"line":20,"column":13}},"9":{"start":{"line":21,"column":12},"end":{"line":31,"column":13}},"10":{"start":{"line":22,"column":16},"end":{"line":22,"column":36}},"11":{"start":{"line":23,"column":16},"end":{"line":23,"column":110}},"12":{"start":{"line":24,"column":16},"end":{"line":24,"column":32}},"13":{"start":{"line":25,"column":16},"end":{"line":25,"column":80}},"14":{"start":{"line":27,"column":16},"end":{"line":27,"column":43}},"15":{"start":{"line":28,"column":16},"end":{"line":28,"column":101}},"16":{"start":{"line":29,"column":16},"end":{"line":29,"column":32}},"17":{"start":{"line":30,"column":16},"end":{"line":30,"column":50}}},"fnMap":{"0":{"name":"(anonymous_0)","decl":{"start":{"line":5,"column":28},"end":{"line":5,"column":29}},"loc":{"start":{"line":5,"column":54},"end":{"line":34,"column":1}},"line":5},"1":{"name":"(anonymous_1)","decl":{"start":{"line":6,"column":23},"end":{"line":6,"column":24}},"loc":{"start":{"line":6,"column":50},"end":{"line":33,"column":5}},"line":6},"2":{"name":"(anonymous_2)","decl":{"start":{"line":15,"column":31},"end":{"line":15,"column":32}},"loc":{"start":{"line":15,"column":58},"end":{"line":32,"column":9}},"line":15}},"branchMap":{"0":{"loc":{"start":{"line":16,"column":21},"end":{"line":16,"column":79}},"type":"binary-expr","locations":[{"start":{"line":16,"column":21},"end":{"line":16,"column":51}},{"start":{"line":16,"column":55},"end":{"line":16,"column":79}}],"line":16},"1":{"loc":{"start":{"line":21,"column":12},"end":{"line":31,"column":13}},"type":"if","locations":[{"start":{"line":21,"column":12},"end":{"line":31,"column":13}},{"start":{"line":26,"column":19},"end":{"line":31,"column":13}}],"line":21}},"s":{"0":5,"1":5,"2":5,"3":5,"4":1,"5":1,"6":1,"7":1,"8":1,"9":1,"10":0,"11":0,"12":0,"13":0,"14":1,"15":1,"16":1,"17":1},"f":{"0":1,"1":1,"2":1},"b":{"0":[1,1],"1":[0,1]},"_coverageSchema":"1a1c01bbd47fc00a2c39e90264f33305004495a9","hash":"a55d3db47eeb1d263e1ce9f07a822a2bcd12c6dd"}
,"/home/ekibet/workspace/sunculture/sc_backend/api/services/referral.service.js": {"path":"/home/ekibet/workspace/sunculture/sc_backend/api/services/referral.service.js","statementMap":{"0":{"start":{"line":1,"column":15},"end":{"line":1,"column":41}},"1":{"start":{"line":2,"column":23},"end":{"line":2,"column":38}},"2":{"start":{"line":4,"column":0},"end":{"line":22,"column":1}},"3":{"start":{"line":5,"column":4},"end":{"line":21,"column":6}},"4":{"start":{"line":6,"column":8},"end":{"line":20,"column":10}},"5":{"start":{"line":15,"column":12},"end":{"line":15,"column":48}},"6":{"start":{"line":16,"column":12},"end":{"line":16,"column":27}},"7":{"start":{"line":18,"column":12},"end":{"line":18,"column":30}},"8":{"start":{"line":19,"column":12},"end":{"line":19,"column":23}},"9":{"start":{"line":24,"column":0},"end":{"line":35,"column":1}},"10":{"start":{"line":25,"column":4},"end":{"line":25,"column":54}},"11":{"start":{"line":26,"column":16},"end":{"line":26,"column":25}},"12":{"start":{"line":27,"column":4},"end":{"line":34,"column":6}},"13":{"start":{"line":28,"column":8},"end":{"line":33,"column":10}},"14":{"start":{"line":29,"column":12},"end":{"line":29,"column":28}},"15":{"start":{"line":31,"column":12},"end":{"line":31,"column":30}},"16":{"start":{"line":32,"column":12},"end":{"line":32,"column":23}},"17":{"start":{"line":37,"column":0},"end":{"line":54,"column":1}},"18":{"start":{"line":38,"column":4},"end":{"line":53,"column":6}},"19":{"start":{"line":39,"column":8},"end":{"line":52,"column":10}},"20":{"start":{"line":47,"column":12},"end":{"line":47,"column":64}},"21":{"start":{"line":48,"column":12},"end":{"line":48,"column":27}},"22":{"start":{"line":50,"column":12},"end":{"line":50,"column":30}},"23":{"start":{"line":51,"column":12},"end":{"line":51,"column":23}},"24":{"start":{"line":56,"column":0},"end":{"line":67,"column":1}},"25":{"start":{"line":57,"column":4},"end":{"line":66,"column":6}},"26":{"start":{"line":58,"column":8},"end":{"line":65,"column":10}},"27":{"start":{"line":61,"column":12},"end":{"line":61,"column":28}},"28":{"start":{"line":63,"column":12},"end":{"line":63,"column":30}},"29":{"start":{"line":64,"column":12},"end":{"line":64,"column":23}}},"fnMap":{"0":{"name":"(anonymous_0)","decl":{"start":{"line":4,"column":17},"end":{"line":4,"column":18}},"loc":{"start":{"line":4,"column":43},"end":{"line":22,"column":1}},"line":4},"1":{"name":"(anonymous_1)","decl":{"start":{"line":5,"column":23},"end":{"line":5,"column":24}},"loc":{"start":{"line":5,"column":50},"end":{"line":21,"column":5}},"line":5},"2":{"name":"(anonymous_2)","decl":{"start":{"line":14,"column":16},"end":{"line":14,"column":17}},"loc":{"start":{"line":14,"column":32},"end":{"line":17,"column":9}},"line":14},"3":{"name":"(anonymous_3)","decl":{"start":{"line":17,"column":11},"end":{"line":17,"column":12}},"loc":{"start":{"line":17,"column":24},"end":{"line":20,"column":9}},"line":17},"4":{"name":"(anonymous_4)","decl":{"start":{"line":24,"column":16},"end":{"line":24,"column":17}},"loc":{"start":{"line":24,"column":42},"end":{"line":35,"column":1}},"line":24},"5":{"name":"(anonymous_5)","decl":{"start":{"line":27,"column":23},"end":{"line":27,"column":24}},"loc":{"start":{"line":27,"column":50},"end":{"line":34,"column":5}},"line":27},"6":{"name":"(anonymous_6)","decl":{"start":{"line":28,"column":62},"end":{"line":28,"column":63}},"loc":{"start":{"line":28,"column":79},"end":{"line":30,"column":9}},"line":28},"7":{"name":"(anonymous_7)","decl":{"start":{"line":30,"column":11},"end":{"line":30,"column":12}},"loc":{"start":{"line":30,"column":24},"end":{"line":33,"column":9}},"line":30},"8":{"name":"(anonymous_8)","decl":{"start":{"line":37,"column":17},"end":{"line":37,"column":18}},"loc":{"start":{"line":37,"column":43},"end":{"line":54,"column":1}},"line":37},"9":{"name":"(anonymous_9)","decl":{"start":{"line":38,"column":23},"end":{"line":38,"column":24}},"loc":{"start":{"line":38,"column":50},"end":{"line":53,"column":5}},"line":38},"10":{"name":"(anonymous_10)","decl":{"start":{"line":46,"column":66},"end":{"line":46,"column":67}},"loc":{"start":{"line":46,"column":82},"end":{"line":49,"column":9}},"line":46},"11":{"name":"(anonymous_11)","decl":{"start":{"line":49,"column":11},"end":{"line":49,"column":12}},"loc":{"start":{"line":49,"column":24},"end":{"line":52,"column":9}},"line":49},"12":{"name":"(anonymous_12)","decl":{"start":{"line":56,"column":17},"end":{"line":56,"column":18}},"loc":{"start":{"line":56,"column":43},"end":{"line":67,"column":1}},"line":56},"13":{"name":"(anonymous_13)","decl":{"start":{"line":57,"column":23},"end":{"line":57,"column":24}},"loc":{"start":{"line":57,"column":50},"end":{"line":66,"column":5}},"line":57},"14":{"name":"(anonymous_14)","decl":{"start":{"line":60,"column":16},"end":{"line":60,"column":17}},"loc":{"start":{"line":60,"column":33},"end":{"line":62,"column":9}},"line":60},"15":{"name":"(anonymous_15)","decl":{"start":{"line":62,"column":11},"end":{"line":62,"column":12}},"loc":{"start":{"line":62,"column":24},"end":{"line":65,"column":9}},"line":62}},"branchMap":{},"s":{"0":5,"1":5,"2":5,"3":0,"4":0,"5":0,"6":0,"7":0,"8":0,"9":5,"10":0,"11":0,"12":0,"13":0,"14":0,"15":0,"16":0,"17":5,"18":0,"19":0,"20":0,"21":0,"22":0,"23":0,"24":5,"25":0,"26":0,"27":0,"28":0,"29":0},"f":{"0":0,"1":0,"2":0,"3":0,"4":0,"5":0,"6":0,"7":0,"8":0,"9":0,"10":0,"11":0,"12":0,"13":0,"14":0,"15":0},"b":{},"_coverageSchema":"1a1c01bbd47fc00a2c39e90264f33305004495a9","hash":"afabfb0a253ee43c6207be0d3994ac301ea62a5f"}
,"/home/ekibet/workspace/sunculture/sc_backend/api/services/sms.service.js": {"path":"/home/ekibet/workspace/sunculture/sc_backend/api/services/sms.service.js","statementMap":{"0":{"start":{"line":1,"column":0},"end":{"line":1,"column":26}},"1":{"start":{"line":2,"column":16},"end":{"line":2,"column":34}},"2":{"start":{"line":3,"column":23},"end":{"line":3,"column":38}},"3":{"start":{"line":4,"column":15},"end":{"line":4,"column":41}},"4":{"start":{"line":6,"column":0},"end":{"line":58,"column":1}},"5":{"start":{"line":7,"column":4},"end":{"line":57,"column":6}},"6":{"start":{"line":8,"column":22},"end":{"line":27,"column":9}},"7":{"start":{"line":28,"column":8},"end":{"line":28,"column":83}},"8":{"start":{"line":29,"column":8},"end":{"line":56,"column":10}},"9":{"start":{"line":30,"column":12},"end":{"line":55,"column":13}},"10":{"start":{"line":31,"column":16},"end":{"line":31,"column":36}},"11":{"start":{"line":32,"column":16},"end":{"line":32,"column":29}},"12":{"start":{"line":34,"column":16},"end":{"line":34,"column":43}},"13":{"start":{"line":35,"column":16},"end":{"line":54,"column":17}},"14":{"start":{"line":36,"column":38},"end":{"line":36,"column":63}},"15":{"start":{"line":37,"column":20},"end":{"line":50,"column":22}},"16":{"start":{"line":45,"column":24},"end":{"line":45,"column":58}},"17":{"start":{"line":46,"column":24},"end":{"line":46,"column":37}},"18":{"start":{"line":48,"column":24},"end":{"line":48,"column":42}},"19":{"start":{"line":49,"column":24},"end":{"line":49,"column":35}},"20":{"start":{"line":52,"column":20},"end":{"line":52,"column":34}},"21":{"start":{"line":53,"column":20},"end":{"line":53,"column":29}}},"fnMap":{"0":{"name":"(anonymous_0)","decl":{"start":{"line":6,"column":18},"end":{"line":6,"column":19}},"loc":{"start":{"line":6,"column":34},"end":{"line":58,"column":1}},"line":6},"1":{"name":"(anonymous_1)","decl":{"start":{"line":7,"column":23},"end":{"line":7,"column":24}},"loc":{"start":{"line":7,"column":50},"end":{"line":57,"column":5}},"line":7},"2":{"name":"(anonymous_2)","decl":{"start":{"line":29,"column":31},"end":{"line":29,"column":32}},"loc":{"start":{"line":29,"column":58},"end":{"line":56,"column":9}},"line":29},"3":{"name":"(anonymous_3)","decl":{"start":{"line":44,"column":28},"end":{"line":44,"column":29}},"loc":{"start":{"line":44,"column":42},"end":{"line":47,"column":21}},"line":44},"4":{"name":"(anonymous_4)","decl":{"start":{"line":47,"column":23},"end":{"line":47,"column":24}},"loc":{"start":{"line":47,"column":36},"end":{"line":50,"column":21}},"line":47}},"branchMap":{"0":{"loc":{"start":{"line":30,"column":12},"end":{"line":55,"column":13}},"type":"if","locations":[{"start":{"line":30,"column":12},"end":{"line":55,"column":13}},{"start":{"line":33,"column":19},"end":{"line":55,"column":13}}],"line":30}},"s":{"0":5,"1":5,"2":5,"3":5,"4":5,"5":1,"6":1,"7":1,"8":1,"9":1,"10":0,"11":0,"12":1,"13":1,"14":1,"15":1,"16":1,"17":1,"18":0,"19":0,"20":0,"21":0},"f":{"0":1,"1":1,"2":1,"3":1,"4":0},"b":{"0":[0,1]},"_coverageSchema":"1a1c01bbd47fc00a2c39e90264f33305004495a9","hash":"0f6ed069f9b0cd2c9eedf7c66d5890ff89256700"}
,"/home/ekibet/workspace/sunculture/sc_backend/api/services/ticket.service.js": {"path":"/home/ekibet/workspace/sunculture/sc_backend/api/services/ticket.service.js","statementMap":{"0":{"start":{"line":1,"column":0},"end":{"line":1,"column":26}},"1":{"start":{"line":2,"column":16},"end":{"line":2,"column":34}},"2":{"start":{"line":3,"column":12},"end":{"line":3,"column":36}},"3":{"start":{"line":4,"column":20},"end":{"line":4,"column":54}},"4":{"start":{"line":5,"column":15},"end":{"line":5,"column":32}},"5":{"start":{"line":7,"column":0},"end":{"line":100,"column":1}},"6":{"start":{"line":8,"column":4},"end":{"line":99,"column":6}},"7":{"start":{"line":9,"column":25},"end":{"line":9,"column":54}},"8":{"start":{"line":10,"column":22},"end":{"line":33,"column":9}},"9":{"start":{"line":34,"column":8},"end":{"line":98,"column":11}},"10":{"start":{"line":35,"column":21},"end":{"line":35,"column":79}},"11":{"start":{"line":36,"column":23},"end":{"line":39,"column":13}},"12":{"start":{"line":40,"column":12},"end":{"line":97,"column":13}},"13":{"start":{"line":41,"column":16},"end":{"line":41,"column":36}},"14":{"start":{"line":42,"column":16},"end":{"line":42,"column":116}},"15":{"start":{"line":43,"column":16},"end":{"line":43,"column":32}},"16":{"start":{"line":44,"column":16},"end":{"line":44,"column":29}},"17":{"start":{"line":46,"column":16},"end":{"line":46,"column":73}},"18":{"start":{"line":47,"column":16},"end":{"line":47,"column":116}},"19":{"start":{"line":48,"column":16},"end":{"line":48,"column":32}},"20":{"start":{"line":52,"column":30},"end":{"line":86,"column":17}},"21":{"start":{"line":87,"column":16},"end":{"line":95,"column":17}},"22":{"start":{"line":88,"column":20},"end":{"line":91,"column":23}},"23":{"start":{"line":92,"column":20},"end":{"line":92,"column":74}},"24":{"start":{"line":94,"column":20},"end":{"line":94,"column":36}},"25":{"start":{"line":96,"column":16},"end":{"line":96,"column":38}},"26":{"start":{"line":102,"column":0},"end":{"line":135,"column":1}},"27":{"start":{"line":103,"column":4},"end":{"line":134,"column":6}},"28":{"start":{"line":104,"column":22},"end":{"line":111,"column":9}},"29":{"start":{"line":112,"column":8},"end":{"line":133,"column":11}},"30":{"start":{"line":113,"column":12},"end":{"line":132,"column":13}},"31":{"start":{"line":114,"column":16},"end":{"line":114,"column":36}},"32":{"start":{"line":115,"column":16},"end":{"line":115,"column":29}},"33":{"start":{"line":117,"column":16},"end":{"line":131,"column":17}},"34":{"start":{"line":118,"column":40},"end":{"line":118,"column":92}},"35":{"start":{"line":119,"column":20},"end":{"line":119,"column":73}},"36":{"start":{"line":120,"column":20},"end":{"line":127,"column":21}},"37":{"start":{"line":121,"column":40},"end":{"line":121,"column":65}},"38":{"start":{"line":122,"column":45},"end":{"line":122,"column":62}},"39":{"start":{"line":123,"column":24},"end":{"line":123,"column":73}},"40":{"start":{"line":124,"column":24},"end":{"line":124,"column":98}},"41":{"start":{"line":126,"column":24},"end":{"line":126,"column":58}},"42":{"start":{"line":129,"column":20},"end":{"line":129,"column":36}},"43":{"start":{"line":130,"column":20},"end":{"line":130,"column":54}},"44":{"start":{"line":137,"column":0},"end":{"line":161,"column":1}},"45":{"start":{"line":138,"column":4},"end":{"line":160,"column":6}},"46":{"start":{"line":139,"column":22},"end":{"line":146,"column":9}},"47":{"start":{"line":147,"column":8},"end":{"line":159,"column":11}},"48":{"start":{"line":148,"column":12},"end":{"line":158,"column":13}},"49":{"start":{"line":149,"column":16},"end":{"line":149,"column":36}},"50":{"start":{"line":150,"column":16},"end":{"line":150,"column":29}},"51":{"start":{"line":152,"column":16},"end":{"line":152,"column":49}},"52":{"start":{"line":153,"column":16},"end":{"line":157,"column":17}},"53":{"start":{"line":154,"column":20},"end":{"line":154,"column":31}},"54":{"start":{"line":156,"column":20},"end":{"line":156,"column":54}}},"fnMap":{"0":{"name":"(anonymous_0)","decl":{"start":{"line":7,"column":17},"end":{"line":7,"column":18}},"loc":{"start":{"line":7,"column":43},"end":{"line":100,"column":1}},"line":7},"1":{"name":"(anonymous_1)","decl":{"start":{"line":8,"column":23},"end":{"line":8,"column":24}},"loc":{"start":{"line":8,"column":50},"end":{"line":99,"column":5}},"line":8},"2":{"name":"(anonymous_2)","decl":{"start":{"line":34,"column":31},"end":{"line":34,"column":32}},"loc":{"start":{"line":34,"column":58},"end":{"line":98,"column":9}},"line":34},"3":{"name":"(anonymous_3)","decl":{"start":{"line":102,"column":16},"end":{"line":102,"column":17}},"loc":{"start":{"line":102,"column":42},"end":{"line":135,"column":1}},"line":102},"4":{"name":"(anonymous_4)","decl":{"start":{"line":103,"column":23},"end":{"line":103,"column":24}},"loc":{"start":{"line":103,"column":50},"end":{"line":134,"column":5}},"line":103},"5":{"name":"(anonymous_5)","decl":{"start":{"line":112,"column":31},"end":{"line":112,"column":32}},"loc":{"start":{"line":112,"column":58},"end":{"line":133,"column":9}},"line":112},"6":{"name":"(anonymous_6)","decl":{"start":{"line":137,"column":29},"end":{"line":137,"column":30}},"loc":{"start":{"line":137,"column":55},"end":{"line":161,"column":1}},"line":137},"7":{"name":"(anonymous_7)","decl":{"start":{"line":138,"column":23},"end":{"line":138,"column":24}},"loc":{"start":{"line":138,"column":50},"end":{"line":160,"column":5}},"line":138},"8":{"name":"(anonymous_8)","decl":{"start":{"line":147,"column":31},"end":{"line":147,"column":32}},"loc":{"start":{"line":147,"column":58},"end":{"line":159,"column":9}},"line":147}},"branchMap":{"0":{"loc":{"start":{"line":35,"column":21},"end":{"line":35,"column":79}},"type":"binary-expr","locations":[{"start":{"line":35,"column":21},"end":{"line":35,"column":51}},{"start":{"line":35,"column":55},"end":{"line":35,"column":79}}],"line":35},"1":{"loc":{"start":{"line":40,"column":12},"end":{"line":97,"column":13}},"type":"if","locations":[{"start":{"line":40,"column":12},"end":{"line":97,"column":13}},{"start":{"line":45,"column":19},"end":{"line":97,"column":13}}],"line":40},"2":{"loc":{"start":{"line":113,"column":12},"end":{"line":132,"column":13}},"type":"if","locations":[{"start":{"line":113,"column":12},"end":{"line":132,"column":13}},{"start":{"line":116,"column":19},"end":{"line":132,"column":13}}],"line":113},"3":{"loc":{"start":{"line":120,"column":20},"end":{"line":127,"column":21}},"type":"if","locations":[{"start":{"line":120,"column":20},"end":{"line":127,"column":21}},{"start":{"line":125,"column":27},"end":{"line":127,"column":21}}],"line":120},"4":{"loc":{"start":{"line":148,"column":12},"end":{"line":158,"column":13}},"type":"if","locations":[{"start":{"line":148,"column":12},"end":{"line":158,"column":13}},{"start":{"line":151,"column":19},"end":{"line":158,"column":13}}],"line":148},"5":{"loc":{"start":{"line":153,"column":16},"end":{"line":157,"column":17}},"type":"if","locations":[{"start":{"line":153,"column":16},"end":{"line":157,"column":17}},{"start":{"line":155,"column":23},"end":{"line":157,"column":17}}],"line":153}},"s":{"0":5,"1":5,"2":5,"3":5,"4":5,"5":5,"6":1,"7":1,"8":1,"9":1,"10":1,"11":1,"12":1,"13":0,"14":0,"15":0,"16":0,"17":1,"18":1,"19":1,"20":1,"21":1,"22":1,"23":1,"24":0,"25":1,"26":5,"27":1,"28":1,"29":1,"30":1,"31":0,"32":0,"33":1,"34":1,"35":1,"36":1,"37":1,"38":1,"39":1,"40":1,"41":0,"42":0,"43":0,"44":5,"45":0,"46":0,"47":0,"48":0,"49":0,"50":0,"51":0,"52":0,"53":0,"54":0},"f":{"0":1,"1":1,"2":1,"3":1,"4":1,"5":1,"6":0,"7":0,"8":0},"b":{"0":[1,1],"1":[0,1],"2":[0,1],"3":[1,0],"4":[0,0],"5":[0,0]},"_coverageSchema":"1a1c01bbd47fc00a2c39e90264f33305004495a9","hash":"e085585726bcd30793e9cceb5e57714e2964d81e"}
}
